0	681	qiuyu_peng.jpg
1	295	ruben_eupen.jpg
2	1605	mengting_gu.jpg
3	391	yingjie_weng.jpg
4	368	yusuke_asada.jpg
5	770	yixing_lao.jpg
6	263	handong_ma.jpg
7	176	bohan_shao.jpg
8	246	ruize_zhao.jpg
9	286	catherine_zheng.jpg
10	400	shunfei_yan.jpg
11	219	ian_chen.jpg
12	203	eric_bekkers.jpg
13	604	lengsen_meng.jpg
14	466	minhong_lin.jpg
15	638	jiani_yin.jpg
16	124	eva_zhang.jpg
17	137	lingfeng_cheng.jpg
18	376	issue_liu.jpg
19	314	ning_ma.jpg
20	186	candy_mao.jpg
21	357	chao_zhang.jpg
22	467	christof_chlebek.jpg
23	485	feng_zhou.jpg
24	842	fangzhou_liu.jpg
25	382	gabrielle_girardeau.jpg
26	578	jiaying_gu.jpg
27	832	long_jin.jpg
28	176	qianying_yao.jpg
29	163	yu_an.jpg
30	409	pangqu_wang.jpg
31	178	ruijun_wang.jpg
32	351	peipei_tang.jpg
33	1005	anmol_aggarwal.jpg
