0	4.666667	Google_1_Danielle Goble_5_oval.jpg
1	6.600000	Google_1_Phillip Owensby_9_oval.jpg
2	6.666667	Google_1_Douglas Ziegler_3_oval.jpg
3	3.266667	Google_1_Donald Sauls_11_oval.jpg
4	5.333333	Google_1_Eric Harman_5_oval.jpg
5	6.500000	Google_1_Peter Grigsby_13_oval.jpg
6	6.066667	Google_1_Nathan Beauregard_3_oval.jpg
7	4.333333	Google_1_Bryan Nava_1_oval.jpg
8	6.866667	Google_1_Travis Streeter_13_oval.jpg
9	5.000000	Brian_Furlong_5_oval.jpg
10	4.733333	Google_1_Paul Wills_11_oval.jpg
11	6.533333	Google_1_Jesse Lindgren_7_oval.jpg
12	4.333333	Google_1_David Ferris_3_oval.jpg
13	3.466667	Google_1_Bonnie Fullmer_5_oval.jpg
14	5.571429	Google_1_Keith Priester_5_oval.jpg
15	5.214286	Google_1_Glenn Gilmer_1_oval.jpg
16	5.600000	Google_1_Janet Lashley_9_oval.jpg
17	6.066667	Google_1_Jeff Batts_7_oval.jpg
18	6.400000	Google_1_Shelia Donald_5_oval.jpg
19	4.800000	Google_1_Jimmy Perrotta_5_oval.jpg
20	3.466667	Google_1_Steven Sanchez_11_oval.jpg
21	6.000000	Google_1_Jacob Work_1_oval.jpg
22	6.466667	Google_1_Susan Burdette_17_oval.jpg
23	6.733333	Google_1_Debbie Dufrene_5_oval.jpg
24	3.000000	Google_1_Carlos Coker_9_oval.jpg
25	6.666667	Google_1_Roy Wingfield_9_oval.jpg
26	7.071429	Google_1_Julie Saldana_9_oval.jpg
27	6.666667	Google_1_Virginia Stokes_5_oval.jpg
28	5.500000	Google_1_Carlos Hatten_1_oval.jpg
29	6.333333	Google_1_Nancy Goebel_1_oval.jpg
30	7.200000	Google_1_Joanne Sandifer_3_oval.jpg
31	6.533333	Google_1_Marguerite Kaminsky_19_oval.jpg
32	6.133333	Google_1_Joe Sthilaire_7_oval.jpg
33	4.466667	Google_1_Rodney Mckissick_1_oval.jpg
34	6.000000	Google_1_Antonio Amey_7_oval.jpg
35	3.200000	Google_1_Rhonda Corey_11_oval.jpg
36	5.666667	Google_1_Paul Reno_1_oval.jpg
37	5.000000	Google_1_Arthur Mcelhaney_13_oval.jpg
38	5.733333	Google_1_Roy Mull_11_oval.jpg
39	6.428571	Google_1_Becky Richmond_3_oval.jpg
40	6.428571	Google_1_Anthony Reynoso_13_oval.jpg
41	5.533333	Google_1_Victoria Pettiford_19_oval.jpg
42	4.133333	Google_1_Frank Whitehouse_3_oval.jpg
43	5.533333	Google_1_Tina Dasilva_9_oval.jpg
44	6.533333	Google_1_Todd Lassiter_7_oval.jpg
45	4.866667	Google_1_Dennis Dobbs_3_oval.jpg
46	5.466667	Google_1_Jimmy Gingerich_11_oval.jpg
47	6.000000	Google_1_Kristine Rodriquez_7_oval.jpg
48	6.666667	Google_1_Judy Gilliam_72_oval.jpg
49	5.615385	Google_1_Bruce Rossi_5_oval.jpg
50	5.133333	Google_1_Mike Graff_5-oval.jpg
51	5.928571	Google_1_Kevin Boren_11_oval.jpg
52	6.214286	Google_1_Christopher Hayden_3_oval.jpg
53	5.733333	Google_1_Nancy Goebel_13_oval.jpg
54	4.933333	Google_1_Nicholas Horan_18_oval.jpg
55	6.400000	Google_1_Wendy Mori_3_oval.jpg
56	4.000000	Google_1_Adrienne Butler_1_oval.jpg
57	6.333333	Google_1_Louise Hodson_15_oval.jpg
58	6.066667	Google_1_Aaron Holzer_7_oval.jpg
59	6.333333	Google_1_Vickie Marquardt_11_oval.jpg
60	6.800000	Google_1_Megan Springer_15_oval.jpg
61	6.000000	Google_1_Larry Perryman_5_oval.jpg
62	6.266667	Google_1_Ronald Lamar_11_oval.jpg
63	5.600000	Google_1_Matthew Click_5_oval.jpg
64	5.500000	Google_1_Christopher Krebs_1_oval.jpg
65	6.357143	Google_1_Dale Coons_7_oval.jpg
66	4.266667	Google_1_Albert Makowski_6_oval.jpg
67	6.400000	Google_1_John Baumgartner_7_oval.jpg
68	6.733333	Google_1_Justin Foss_9_oval.jpg
69	3.357143	Google_1_Lawrence Caffey_13_oval.jpg
70	6.266667	Google_1_Steven Mayorga_9_oval.jpg
71	5.000000	Google_1_Jessica Almaraz_19_oval.jpg
72	4.133333	Google_1_Robert Pyles_1_oval.jpg
73	5.866667	Google_1_Leonard Vetter_11_oval.jpg
74	6.600000	Google_1_Walter Madden_5_oval.jpg
75	5.400000	Google_1_Chris Wacker_17_oval.jpg
76	4.466667	Google_1_Joe Moats_5_oval.jpg
77	5.666667	Google_1_Steve Goldsmith_1_oval.jpg
78	6.266667	Google_1_Gary Coyle_1_oval.jpg
79	5.666667	Google_1_Felicia Baldwin_13_oval.jpg
80	6.153846	Google_1_Jennifer Shuster_3_oval.jpg
81	5.600000	Google_1_Susan Froehlich_13_oval.jpg
82	5.600000	Google_1_Steve Center_5_oval.jpg
83	5.733333	Google_1_Beatrice Mark_1_oval.jpg
84	7.133333	Google_1_Stephanie Buckner_7_oval.jpg
85	6.000000	Google_1_Miriam Harlow_7_oval.jpg
86	6.071429	Google_1_Theresa Forsberg_7_oval.jpg
87	6.142857	Google_1_Mark Endicott_3_oval.jpg
88	4.714286	Google_1_Kenneth Loftis_15_oval.jpg
89	5.428571	Google_1_Manuel Liddell_17_oval.jpg
90	5.214286	Google_1_Alan Schlosser_17_oval.jpg
91	5.800000	Google_1_Bruce Hartsock_3_oval.jpg
92	5.933333	Google_1_Paula Gorham_11_oval.jpg
93	3.800000	Google_1_Marvin Billy_13_oval.jpg
94	6.533333	Google_1_Bruce Richmond_3_oval.jpg
95	6.066667	Google_1_Dale Tolley_13_oval.jpg
96	5.800000	Google_1_Samuel Pugliese_19_oval.jpg
97	3.666667	Google_1_Russell Baxter_15_oval.jpg
98	6.266667	Google_1_Debra Manion_15_oval.jpg
99	5.928571	Google_1_Jeanette Navarro_1_oval.jpg
100	5.866667	Google_1_Kristen Weidner_1_oval.jpg
101	6.214286	Google_1_Bruce Honaker_16_oval.jpg
102	5.933333	Google_1_Randy Barclay_7_oval.jpg
103	6.400000	Google_1_Laurie Mcnamara_19_oval.jpg
104	5.933333	Google_1_Denise Bach_7_oval.jpg
105	6.733333	Google_1_Lori Davidson_15_oval.jpg
106	5.466667	Google_1_Debbie Ginsberg_7_oval.jpg
107	5.333333	Google_1_Douglas Zelaya_19_oval.jpg
108	4.533333	Google_1_David Lovely_3_oval.jpg
109	4.533333	Google_1_Ryan Concepcion_19_oval.jpg
110	5.733333	Google_1_Ryan Marvel_15_oval.jpg
111	4.785714	Google_1_Norman Mccluskey_7_oval.jpg
112	6.153846	Google_1_Louis Irons_13-oval.jpg
113	3.428571	Google_1_Fannie Trader_5_oval.jpg
114	6.200000	Google_1_Jeannette Register_3_oval.jpg
115	5.200000	Google_1_Aaron Rust_19_oval.jpg
116	6.666667	Google_1_Phillip Grantham_17_oval.jpg
117	2.461538	Google_1_Rebecca Hatfield_13_oval.jpg
118	5.533333	Ana_Bahr_11_oval.jpg
119	7.333333	Google_1_Jeanne Brian_3_oval.jpg
120	5.285714	Google_1_Brian Melton_15_oval.jpg
121	6.266667	Google_1_Todd Dunleavy_9_oval.jpg
122	6.933333	Google_1_Patsy Vice_5_oval.jpg
123	3.928571	Google_1_Christy Bellamy_15_oval.jpg
124	5.133333	Google_1_Peter Contreras_9_oval.jpg
125	5.214286	Google_1_Candice Varney_11_oval.jpg
126	6.400000	Google_1_Priscilla Terry_3_oval.jpg
127	5.076923	Google_1_Bobby Augustine_7_oval.jpg
128	5.733333	Google_1_Glenn Toscano_15_oval.jpg
129	5.400000	Google_1_Billy Kiely_1_oval.jpg
130	6.733333	Google_1_Terry Mccarley_17_oval.jpg
131	5.785714	Google_1_Hazel Dunleavy_15_oval.jpg
132	6.571429	Google_1_Barbara Trawick_5_oval.jpg
133	6.071429	Google_1_Natalie Maes_7_oval.jpg
134	5.866667	Google_1_Frank Luke_9_oval.jpg
135	6.333333	Google_1_Mattie Weil_3_oval.jpg
136	5.600000	Allison_Samson_13_oval.jpg
137	5.466667	Google_1_Melody Barnett_5_oval.jpg
138	5.800000	Google_1_Mark Shilling_1_oval.jpg
139	4.800000	Google_1_Audrey Persinger_7_oval.jpg
140	5.333333	Google_1_Donald Mcclurg_16_oval.jpg
141	6.866667	Google_1_Gwendolyn Abbott_17_oval.jpg
142	3.066667	Google_1_Manuel Mccrory_3_oval.jpg
143	5.933333	Google_1_Steven Bickerstaff_1_oval.jpg
144	6.333333	Google_1_Constance Houck_5_oval.jpg
145	5.533333	Google_1_Norman Westfall_5_oval.jpg
146	6.066667	Google_1_Lola Parnell_1_oval.jpg
147	5.000000	Google_1_Robyn Shupe_13_oval.jpg
148	6.600000	Google_1_Sarah Troupe_7_oval.jpg
149	5.857143	Google_1_Wendy Gates_3_oval.jpg
150	3.866667	Google_1_Judith Stock_13_oval.jpg
151	6.466667	Google_1_William Ferris_1_oval.jpg
152	7.600000	Google_1_Jacob Bonney_15_oval.jpg
153	6.200000	Google_1_Jeanne Lafrance_1_oval.jpg
154	6.666667	Albert_Waring_1_oval.jpg
155	6.533333	Google_1_James Fogg_7_oval.jpg
156	6.533333	Google_1_George Cobb_13_oval.jpg
157	5.466667	Google_1_Gregory Packard_3_oval.jpg
158	5.600000	Google_1_Peter Coffelt_11_oval.jpg
159	6.466667	Google_1_Jane Standifer_11_oval.jpg
160	6.000000	Google_1_Leonard Altman_15_oval.jpg
161	4.333333	Google_1_Marjorie Mahon_1_oval.jpg
162	4.333333	Google_1_William Moline_7_oval.jpg
163	4.533333	Google_1_Lorraine Childers_17_oval.jpg
164	6.785714	Google_1_Allen Aubin_5_oval.jpg
165	6.333333	Google_1_Kristen Eckstein_1_oval.jpg
166	3.785714	Google_1_Jacob Cloutier_15_oval.jpg
167	3.357143	Google_1_Wilma Allman_15_oval.jpg
168	6.000000	Google_1_Eric Croft_13_oval.jpg
169	4.533333	Google_1_George Savage_3_oval.jpg
170	6.400000	Google_1_Leah Speaks_16_oval.jpg
171	6.285714	Google_1_Peter Kline_11_oval.jpg
172	6.266667	Brandon_Kellogg_15_oval.jpg
173	5.266667	Google_1_Walter Shealy_13_oval.jpg
174	6.533333	Google_1_Dennis Nettles_7_oval.jpg
175	5.785714	Google_1_Sheri Bouton_7_oval.jpg
176	6.466667	Google_1_Howard Matthews_5_oval.jpg
177	6.733333	Google_1_Sean Holcomb_17_oval.jpg
178	7.066667	Google_1_Marcia Julius_7_oval.jpg
179	6.200000	Google_1_Sonia Linder_5_oval.jpg
180	6.333333	Charles_Shin_17_oval.jpg
181	6.733333	Google_1_Judy Dietz_11_oval.jpg
182	5.000000	Google_1_Stanley Mcclendon_5_oval.jpg
183	6.266667	Google_1_Diana Galvan_1_oval (2).jpg
184	6.571429	Gerald_Sloan_3_oval.jpg
185	5.133333	Google_1_Ralph Claypool_1_oval (2).jpg
186	6.133333	Google_1_Mildred Mattern_1_oval.jpg
187	5.533333	Google_1_Gregory Cushman_15_oval.jpg
188	5.800000	Google_1_Steve Stamm_1_oval.jpg
189	5.800000	Eric_Barbour_17_oval.jpg
190	5.400000	Google_1_Tina Stout_1_oval.jpg
191	3.933333	Google_1_Rodney Lanning_3_oval.jpg
192	6.533333	Alice_Mckellar_11_oval.jpg
193	4.466667	Google_1_Howard Paulino_9_oval.jpg
194	6.533333	Google_1_Peggy Howland_9_oval.jpg
195	6.533333	Google_1_Bobby Brooks_5_oval.jpg
196	6.866667	Google_1_Cindy Musick_17_oval.jpg
197	5.466667	Google_1_Danny Polston_11_oval.jpg
198	6.000000	Google_1_Barbara Zimmerman_2_oval.jpg
199	5.933333	Google_1_Nicholas Gallardo_1_oval.jpg
200	6.000000	Google_1_Danny Ainsworth_17_oval.jpg
201	5.133333	Google_1_Katrina Barham_5_oval.jpg
202	6.133333	Google_1_Jo Snook_7_oval.jpg
203	7.000000	Google_1_Charles Lovato_9_oval.jpg
204	3.400000	Google_1_Tamara Pharr_9_oval.jpg
205	4.214286	Google_1_Erika Wyche_1_oval.jpg
206	5.800000	Google_1_Vivian Blum_19_oval.jpg
207	4.866667	Google_1_Susie Hodgkins_7_oval.jpg
208	6.400000	Google_1_Juan Carrico_3_oval.jpg
209	3.600000	Google_1_Glenn Leyba_19_oval.jpg
210	6.800000	Google_1_Rhonda Lavelle_17_oval.jpg
211	5.000000	Google_1_Robert Ross_11_oval.jpg
212	4.933333	Google_1_Justin Boudreaux_7_oval.jpg
213	5.928571	Google_1_Louis Cisneros_5_oval.jpg
214	6.200000	Alberta_Akins_7_oval.jpg
215	6.066667	Google_1_Cecilia Schwarz_9_oval.jpg
216	4.866667	Google_1_Priscilla Briones_13_oval.jpg
217	7.066667	Google_1_Sarah Woodcock_3_oval.jpg
218	5.600000	Google_1_Harry Bumgardner_1_oval.jpg
219	4.000000	Google_1_Bryan Flanders_3_oval.jpg
220	6.600000	Google_1_Celia Griffin_3_oval.jpg
221	6.785714	Google_1_Maureen Groce_9_oval.jpg
222	7.200000	Google_1_Stephen Durant_5_oval.jpg
223	5.866667	Google_1_Timothy Faust_19_oval.jpg
224	6.200000	Adam_Cauthen_11_oval.jpg
225	3.000000	Google_1_Peter Dillion_13_oval.jpg
226	6.600000	Google_1_Ronald Branch_14_oval.jpg
227	6.400000	Blanca_Shank_11_oval.jpg
228	5.400000	Google_1_Timothy Rayborn_12_oval.jpg
229	4.266667	Google_1_James Hudak_5_oval.jpg
230	5.666667	Google_1_Iris Gause_17_oval.jpg
231	6.666667	Google_1_Molly Breaux_3_oval.jpg
232	5.333333	Google_1_Jeffrey Overton_14_oval.jpg
233	7.133333	Google_1_Jennie Leatherman_3_oval.jpg
234	5.866667	Google_1_Lawrence Larry_12_oval.jpg
235	3.733333	Google_1_Kenneth Cabral_19_oval.jpg
236	6.266667	Google_1_Catherine Deberry_3_oval.jpg
237	6.333333	Google_1_Rosa Belk_15_oval.jpg
238	6.066667	Google_1_Ryan Dawson_3_oval.jpg
239	6.466667	Bridget_Blow_3_oval.jpg
240	5.733333	Google_1_Yolanda Cobb_142_oval.jpg
241	4.866667	Google_1_Scott Irons_5_oval.jpg
242	6.266667	Google_1_Sean Revels_7_oval.jpg
243	5.200000	Google_1_Steven Mastin_17_oval.jpg
244	5.933333	Google_1_Olga Packer_15_oval.jpg
245	3.533333	Google_1_Rita Mckissick_3_oval.jpg
246	5.000000	Google_1_April Mattern_9_oval.jpg
247	6.933333	Google_1_Peter Paschall_9_oval.jpg
248	6.285714	Google_1_Jennifer Humble_15_oval.jpg
249	5.200000	Google_1_Carrie Conlin_3_oval.jpg
250	5.466667	Google_1_Carlos Dial_1_oval.jpg
251	4.466667	Google_1_Howard Wisner_5_oval.jpg
252	6.600000	Google_1_Steve Jenks_1_oval.jpg
253	4.600000	Google_1_Travis Streeter_11_oval.jpg
254	5.200000	Google_1_Travis Mcmaster_13_oval.jpg
255	6.600000	Google_1_Joshua Matson_1_oval.jpg
256	6.666667	Google_1_Robert Gallaher_13_oval.jpg
257	5.866667	Google_1_Valerie Noble_9_oval.jpg
258	3.800000	Google_1_Todd Polk_5_oval.jpg
259	6.400000	Google_1_Robert Bashaw_5_oval.jpg
260	6.600000	Google_1_Lynne Towner_5_oval.jpg
261	5.333333	Google_1_William Hord_17_oval.jpg
262	4.533333	Google_1_Gregory Stott_1_oval.jpg
263	6.000000	Google_1_James Mansfield_15_oval.jpg
264	5.400000	Google_1_Christopher Holladay_3_oval.jpg
265	6.000000	Google_1_Stephen Masterson_7_oval.jpg
266	5.142857	Google_1_Nicholas Judy_19_oval.jpg
267	6.466667	Google_1_Naomi Alfaro_9_oval.jpg
268	6.533333	Google_1_Carolyn Kiley_3_oval.jpg
269	4.000000	Google_1_Harry Merriweather_3_oval.jpg
270	4.933333	Google_1_Jeffery Orosco_9_oval.jpg
271	5.800000	Google_1_Randy Conlon_5_oval.jpg
272	5.266667	Google_1_Gregory Driggers_13_oval.jpg
273	3.466667	Google_1_Linda Paquette_10_oval.jpg
274	6.133333	Google_1_Delores Friel_1_oval.jpg
275	6.800000	Google_1_Brittany Kelley_17_oval.jpg
276	3.200000	Google_1_Aaron Avina_92.jpg
277	5.266667	Google_1_Danielle Christenson_13_oval.jpg
278	6.266667	Google_1_Evelyn Lavalley_17_oval.jpg
279	4.666667	Google_1_Luz Fulton_1_oval.jpg
280	6.600000	Google_1_Thomas Snowden_18-oval.jpg
281	6.466667	Google_1_Kristy Jiminez_19_oval.jpg
282	6.733333	Google_1_Juanita Ridley_1_oval.jpg
283	6.533333	Allen_Council_15_oval.jpg
284	4.133333	Google_1_Blanche Albaugh_5_oval.jpg
285	5.000000	Google_1_Christy Bellamy_17_oval.jpg
286	6.571429	Google_1_Margaret Galbreath_7_oval.jpg
287	6.400000	Brittany_Glasgow_15_oval.jpg
288	6.571429	Google_1_Jeannette Register_15_oval.jpg
289	7.000000	Google_1_Terry Elliott_3_oval.jpg
290	5.933333	Google_1_Nicholas Horan_15_oval.jpg
291	6.066667	Google_1_Sherri Kahle_19_oval.jpg
292	6.466667	Google_1_Samuel Whittemore_3_oval.jpg
293	6.533333	Google_1_Joe Muniz_15_oval.jpg
294	6.066667	Google_1_Dawn Bullis_1_oval.jpg
295	4.066667	Google_1_Aaron Avina_3_oval.jpg
296	6.266667	Google_1_Teresa Peyton_7_oval.jpg
297	6.266667	Google_1_Keith Conn_5_oval.jpg
298	7.133333	Google_1_Howard Lindsey_10_oval.jpg
299	5.533333	Google_1_Patrick Magana_3_oval.jpg
300	5.533333	Google_1_Lillie Markowitz_13_oval.jpg
301	5.600000	Google_1_Mark Maxwell_1_oval.jpg
302	7.000000	Google_1_Amy Shull_7_oval.jpg
303	6.200000	Google_1_William Haire_13_oval.jpg
304	6.000000	Google_1_Marvin Cantor_5_oval.jpg
305	5.533333	Google_1_Jason Kerrigan_15_oval.jpg
306	4.333333	Google_1_Paul Pruett_8_oval.jpg
307	5.266667	Google_1_Jacqueline Welker_3_oval.jpg
308	5.800000	Google_1_Laura Hines_7_oval.jpg
309	6.400000	Google_1_Dale Pilcher_13_oval.jpg
310	4.266667	Google_1_Glenn Epley_13_oval.jpg
311	4.533333	Google_1_Anthony Kuhns_5_oval.jpg
312	5.800000	Google_1_Eunice Johnston_7_oval.jpg
313	6.000000	Google_1_Adam Mckinley_7_oval.jpg
314	6.866667	Google_1_George Yingling_11_oval.jpg
315	5.466667	Google_1_Georgia Dingess_11_oval.jpg
316	6.000000	Google_1_Samuel Mcvay_19_oval.jpg
317	6.466667	Google_1_Barbara Oakes_13_oval.jpg
318	6.266667	Google_1_Cynthia Tejada_5_oval (2).jpg
319	6.266667	Google_1_Linda Simonds_3_oval.jpg
320	6.066667	Google_1_Cathy Paulk_11_oval.jpg
321	5.066667	Google_1_Bruce Raab_15_oval.jpg
322	5.133333	Google_1_Scott Bent_5_oval.jpg
323	5.066667	Google_1_Lois Vancleave_1_oval.jpg
324	4.466667	Google_1_Gerald Gary_13_oval.jpg
325	5.333333	Google_1_Hazel Culp_17_oval.jpg
326	6.600000	Google_1_Martha Abbate_3_oval.jpg
327	5.866667	Google_1_Henry Gumm_7_oval.jpg
328	5.714286	Google_1_Anna Bolt_3_oval.jpg
329	4.400000	Google_1_Laura Dexter_11_oval.jpg
330	6.200000	Google_1_Sean Ham_7_oval.jpg
331	4.866667	Google_1_Robert Pyles_15_oval.jpg
332	5.600000	Google_1_Veronica Percy_7_oval.jpg
333	6.200000	Google_1_Marvin Hanrahan_5_oval.jpg
334	4.533333	Google_1_Viola Lepore_19_oval.jpg
335	3.866667	Google_1_Gerald Brotherton_5_oval.jpg
336	5.600000	Google_1_Catherine Hutchins_9_oval.jpg
337	4.933333	Google_1_Helen Hennessy_5_oval.jpg
338	6.266667	Google_1_Norman Lebeau_9_oval.jpg
339	6.066667	Google_1_Wilma Trigg_13_oval.jpg
340	6.333333	Google_1_Colleen Summer_5_oval.jpg
341	2.666667	Google_1_Daniel Harvey_9_oval.jpg
342	5.733333	Google_1_Clarence Morehouse_8_oval.jpg
343	6.133333	Google_1_Ralph Spiller_13_oval.jpg
344	5.200000	Google_1_Jeffery Lancaster_1_oval.jpg
345	6.000000	Google_1_Joann Broderick_5_oval.jpg
346	5.733333	Google_1_Sheila Clemmons_3_oval.jpg
347	4.733333	Google_1_Erica Vue_9_oval.jpg
348	3.733333	Google_1_Beulah Clouse_5_oval.jpg
349	6.200000	Aaron_Turner_13_oval.jpg
350	4.533333	Google_1_Joshua Mckeown_5_oval.jpg
351	5.400000	Google_1_Paul Hashimoto_15_oval.jpg
352	2.666667	Google_1_Wayne Carnes_3_oval.jpg
353	4.266667	Google_1_Daniel Harvey_7_oval.jpg
354	3.400000	Google_1_Gerald Fraser_9_oval.jpg
355	4.133333	Google_1_Karen Rosenberger_5_oval.jpg
356	4.933333	Google_1_Amber Clough_7_oval.jpg
357	5.533333	Google_1_Alicia Mcgann_1_oval.jpg
358	4.400000	Google_1_Gerald Sloan_5_oval.jpg
359	5.133333	Google_1_Gertrude Hinojosa_15_oval.jpg
360	6.428571	Google_1_Richard Byers_9_oval.jpg
361	6.600000	Google_1_Billy Whitener_16_oval.jpg
362	6.533333	Google_1_Richard Byers_5_oval.jpg
363	4.666667	Google_1_Rosalie May_19_oval.jpg
364	6.266667	Google_1_Donald Naquin_7_oval.jpg
365	3.800000	Google_1_Lydia Caskey_1_oval.jpg
366	4.666667	Google_1_Glenn Handley_9_oval.jpg
367	5.466667	Google_1_Patty Harms_9_oval.jpg
368	3.600000	Google_1_Gary Kendrick_15_oval.jpg
369	6.133333	Google_1_Christy Corey_19_oval.jpg
370	5.866667	Google_1_Pearl Ogrady_1_oval.jpg
371	5.866667	Google_1_Albert Ahrens_5_oval.jpg
372	4.533333	Google_1_Karla Santoro_5_oval.jpg
373	5.642857	Google_1_Ralph Claypool_7_oval.jpg
374	3.933333	Google_1_Thomas Christy_17_oval.jpg
375	6.866667	Google_1_Robyn Dobbins_13_oval.jpg
376	5.533333	Google_1_Jeanne Meeker_3_oval.jpg
377	6.928571	Google_1_Jeannette Sharpe_11_oval.jpg
378	6.066667	Google_1_Allison Hathcock_7_oval.jpg
379	6.866667	Google_1_Eric Strickland_9_oval.jpg
380	3.533333	Google_1_Gary Oswald_15_oval.jpg
381	6.933333	Google_1_Melanie Razo_5_oval.jpg
382	7.000000	Google_1_Steven Dorris_5_oval (2).jpg
383	6.733333	Google_1_Kristine Fontes_13_oval.jpg
384	6.933333	Google_1_Bruce Rains_9_oval.jpg
385	7.666667	Google_1_Sean Friesen_16_oval.jpg
386	6.666667	Google_1_Belinda Dupuis_9_oval.jpg
387	7.066667	Google_1_Ann Wagner_1_oval.jpg
388	6.466667	Google_1_Carole Bentley_7_oval.jpg
389	6.400000	Google_1_Brian Lucier_7_oval.jpg
390	4.866667	Google_1_Sherri Vineyard_9_oval.jpg
391	7.000000	Google_1_Patrick Clyburn_16_oval.jpg
392	6.733333	Google_1_Annie Revell_17_oval.jpg
393	4.133333	Google_1_Maureen Adame_5_oval.jpg
394	6.333333	Google_1_Norman Mccluskey_15_oval.jpg
395	6.800000	Google_1_Matthew Studer_9_oval.jpg
396	3.400000	Google_1_Douglas Devaney_72_oval.jpg
397	6.933333	Google_1_Cheryl Ferreira_3_oval.jpg
398	5.800000	Google_1_Lawrence House_7_oval.jpg
399	6.266667	Google_1_Raymond Lafontaine_17_oval.jpg
400	3.066667	Google_1_Brian Owen_11_oval.jpg
401	5.428571	Google_1_William Mohamed_15_oval.jpg
402	2.333333	Google_1_Dora Villasenor_7_oval.jpg
403	5.714286	Google_1_Anthony Adcock_13_oval.jpg
404	6.733333	Google_1_Rodney Wyant_9_oval.jpg
405	6.733333	Google_1_Patrick Snipes_7_oval.jpg
406	6.000000	Google_1_Megan Ballard_3_oval.jpg
407	6.133333	Google_1_Edward Speer_9_oval.jpg
408	4.400000	Google_1_Steven Mayorga_7_oval.jpg
409	4.600000	Google_1_Leonard Shumpert_11_oval.jpg
410	6.666667	Google_1_Phillip Leath_3_oval.jpg
411	5.066667	Google_1_Travis Collard_7_oval.jpg
412	6.866667	Google_1_Lawrence Truesdale_11_oval.jpg
413	6.400000	Google_1_Norman Stitt_17_oval.jpg
414	2.933333	Google_1_Alan Epley_12_oval.jpg
415	5.866667	Google_1_Leonard Cotton_7_oval.jpg
416	4.000000	Google_1_Jeffery Mcclinton_7-oval.jpg
417	5.866667	Google_1_Marian Petterson_1_oval.jpg
418	6.066667	Google_1_Susan Stiles_19_oval.jpg
419	6.800000	Google_1_Edna Cooley_17_oval.jpg
420	7.266667	Google_1_Harry Swanson_15_oval.jpg
421	5.533333	Google_1_Barbara Erdman_9_oval.jpg
422	5.200000	Google_1_Daniel Moorer_1_oval.jpg
423	7.266667	Google_1_Larry Gupton_1_oval.jpg
424	6.466667	Google_1_Douglas Ziegler_17_oval.jpg
425	6.666667	Google_1_Christine Madrid_15_oval.jpg
426	6.533333	Google_1_Sharon Nevins_3_oval.jpg
427	6.600000	Google_1_Randy Corbin_3_oval.jpg
428	7.200000	Google_1_Christy Ferraro_9_oval.jpg
429	5.333333	Google_1_Kenneth Miranda_5_oval.jpg
430	7.400000	Google_1_Hattie Olmos_5_oval.jpg
431	6.533333	Google_1_Samuel Mansour_16_oval.jpg
432	5.333333	Google_1_Wayne Largent_9_oval.jpg
433	6.533333	Google_1_Matthew Villegas_3_oval.jpg
434	4.857143	Google_1_George Baum_1_oval.jpg
435	4.533333	Google_1_Douglas Tanguay_72_oval.jpg
436	6.333333	Google_1_James Hannon_17_oval.jpg
437	6.666667	Google_1_Aaron Lawyer_3_oval.jpg
438	6.933333	Google_1_Ernest Ashburn_5_oval.jpg
439	7.133333	Google_1_Darlene Mcbride_7_oval.jpg
440	3.200000	Google_1_Colleen Andino_1_oval.jpg
441	6.800000	Google_1_Terri Oxford_11_oval.jpg
442	5.666667	Google_1_Clara Metz_5_oval.jpg
443	3.533333	Google_1_Ernest Snyder_13_oval.jpg
444	6.866667	Google_1_Cathy Samuelson_16_oval.jpg
445	5.333333	Google_1_Samuel Paschal_17_oval.jpg
446	7.000000	Google_1_Catherine Bracy_1_oval.jpg
447	6.066667	Google_1_Todd Sandifer_7_oval.jpg
448	6.066667	Google_1_Rita Chester_17_oval.jpg
449	6.400000	Google_1_Susie Marks_3_oval.jpg
450	4.533333	Google_1_Douglas Macarthur_1_oval.jpg
451	4.071429	Google_1_Sheryl Oneil_18_oval.jpg
452	6.533333	Google_1_Randy Hockett_17_oval.jpg
453	5.571429	Google_1_Robert Wynn_9_oval.jpg
454	5.333333	Google_1_Louis Somerville_13_oval.jpg
455	4.200000	Google_1_Frank Rawls_15_oval.jpg
456	6.800000	Google_1_Marjorie Petty_11_oval.jpg
457	6.866667	Google_1_Ernest Hsu_7_oval.jpg
458	3.533333	Google_1_April Farris_9_oval.jpg
459	6.400000	Google_1_Jeffrey Kopp_15_oval.jpg
460	5.933333	Google_1_Chad Ogrady_19_oval.jpg
461	7.000000	Google_1_William Booker_3_oval.jpg
462	5.800000	Google_1_Leah Burkhalter_11_oval.jpg
463	3.333333	Google_1_Sheri Pabon_13_oval.jpg
464	6.600000	Google_1_Suzanne Gulledge_9_oval.jpg
465	7.071429	Google_1_Janice Eichhorn_3_oval.jpg
466	2.466667	Google_1_Paul Keck_5_oval.jpg
467	6.800000	Google_1_Charlotte Dearborn_13_oval.jpg
468	3.266667	Google_1_Adam Hunt_5_oval.jpg
469	6.133333	Google_1_Ernest Horst_13_oval.jpg
470	6.400000	Google_1_Luis Cohn_1_oval.jpg
471	6.200000	Albert_Neu_7_oval.jpg
472	5.600000	Google_1_Jack Grice_9_oval.jpg
473	6.866667	Google_1_Randy Vansickle_5_oval.jpg
474	5.933333	Google_1_Cheryl Waldron_19_oval.jpg
475	6.357143	Google_1_Cindy Morehead_15_oval.jpg
476	6.466667	Google_1_Michele Truitt_9_oval.jpg
477	2.266667	Google_1_Patrick Hosey_7_oval.jpg
478	6.400000	Google_1_Candice Holt_1_oval.jpg
479	6.333333	Google_1_Tina Bilodeau_7_oval.jpg
480	3.642857	Google_1_Janet Sudduth_9_oval.jpg
481	7.333333	Google_1_Laura Basso_1_oval.jpg
482	6.600000	Google_1_Jeanette Driver_11_oval.jpg
483	6.500000	Google_1_Jacob Sipes_15_oval.jpg
484	6.466667	Google_1_Tonya Gantt_11_oval.jpg
485	7.066667	Google_1_Katie Campagna_13_oval.jpg
486	7.333333	Google_1_Philip Ibarra_9_oval.jpg
487	5.071429	Google_1_Margarita Brett_17_oval.jpg
488	7.000000	Google_1_Jeffrey Breedlove_13_oval.jpg
489	6.800000	Google_1_Olga Ruch_1_oval.jpg
490	5.866667	Google_1_Stanley Coombs_17_oval.jpg
491	6.533333	Google_1_Angie Clough_13_oval.jpg
492	6.600000	Google_1_Phillip Grantham_9_oval.jpg
493	5.800000	Google_1_Daniel Stanger_1_oval.jpg
494	5.200000	Juan_Edmiston_11_oval.jpg
495	3.933333	Google_1_Chad Mcclary_13_oval.jpg
496	3.866667	Google_1_Peter Grigsby_52_oval.jpg
497	5.000000	Google_1_Sylvia Sprouse_11_oval.jpg
498	6.733333	Google_1_Douglas Mortenson_172_oval.jpg
499	5.133333	Google_1_Jonathan Marek_13_oval.jpg
500	6.200000	Google_1_Richard Gillett_7_oval.jpg
501	6.066667	Google_1_Maureen Morabito_3_oval.jpg
502	4.800000	Google_1_Jonathan Merchant_13_oval.jpg
503	6.933333	Google_1_Jimmy Abercrombie_1_oval.jpg
504	4.666667	Google_1_Erma Jay_3_oval.jpg
505	3.466667	Google_1_Gregory Given_1_oval.jpg
506	5.466667	Aaron_Mink_9_oval.jpg
507	4.600000	Google_1_Carl Pires_5_oval.jpg
508	3.666667	Google_1_Louis Quesada_7_oval.jpg
509	6.285714	Google_1_Darlene Park_13_oval.jpg
510	6.333333	Adam_Cowart_5_oval.jpg
511	5.733333	Google_1_Margaret Wilkerson_9_oval.jpg
512	6.600000	Google_1_Harry Steiger_7_oval.jpg
513	3.400000	Google_1_Martin Mcgill_3_oval.jpg
514	6.600000	Google_1_Rhonda Cato_19_oval.jpg
515	5.857143	Google_1_Valerie Hudspeth_12_oval.jpg
516	5.285714	Google_1_Ryan Concepcion_3_oval.jpg
517	6.600000	Google_1_David Prosser_7_oval.jpg
518	6.266667	Billy_Farrell_9_oval.jpg
519	6.800000	Google_1_Yolanda Cobb_7_oval.jpg
520	6.933333	Google_1_Amelia Lines_11_oval.jpg
521	3.266667	Google_1_Alan Ruff_7_oval.jpg
522	7.800000	Google_1_Kristen Weidner_11_oval.jpg
523	6.000000	Google_1_Randy Gary_3_oval.jpg
524	5.533333	Google_1_Craig Kirk_7_oval.jpg
525	7.733333	Google_1_Shawn Howe_4_oval.jpg
526	4.600000	Google_1_Danielle Christenson_15_oval.jpg
527	6.133333	Google_1_Douglas Devaney_7_oval.jpg
528	4.200000	Google_1_Wanda Soukup_7_oval.jpg
529	5.066667	Anthony_Newell_7_oval.jpg
530	5.714286	Google_1_Jason Glasscock_7_oval.jpg
531	4.266667	Google_1_Irma Duckworth_9_oval.jpg
532	5.600000	Google_1_Kara Flick_7_oval.jpg
533	5.933333	Google_1_Rebecca Egbert_1_oval.jpg
534	6.533333	Google_1_Lynda Dickenson_5_oval.jpg
535	5.500000	Google_1_Kimberly Tallent_7_oval.jpg
536	5.642857	Google_1_Christy Turnbow_1_oval.jpg
537	7.066667	Google_1_Rita Earley_11_oval.jpg
538	7.133333	Google_1_Martin Whittington_5_oval.jpg
539	6.866667	Google_1_Hazel Dixon_12_oval.jpg
540	6.785714	Google_1_Norman Sears_1_oval.jpg
541	5.600000	Billy_Owings_11_oval.jpg
542	5.266667	Google_1_Jason Audette_9_oval.jpg
543	4.533333	Google_1_Chad Ogrady_5_oval.jpg
544	6.000000	Google_1_Ralph Spiller_15_oval.jpg
545	6.666667	Google_1_Patsy Kennedy_15_oval.jpg
546	5.733333	Google_1_Adrienne Meza_9_oval.jpg
547	5.666667	Google_1_Clara Fuqua_13_oval.jpg
548	7.133333	Google_1_Teresa Sykes_17_oval.jpg
549	6.666667	Google_1_Brittany Shumaker_11_oval.jpg
550	4.200000	Ada_Riddick_15_oval.jpg
551	7.266667	Google_1_Frank Garibay_19_oval.jpg
552	6.733333	Google_1_Leah Hershberger_13_oval.jpg
553	5.533333	Google_1_Sally Harold_19_oval.jpg
554	5.600000	Google_1_Edward Speer_11_oval.jpg
555	6.733333	Google_1_Misty Lozada_1_oval.jpg
556	6.066667	Google_1_Marian Lunn_7_oval.jpg
557	5.066667	Google_1_Marjorie Rule_5_oval.jpg
558	6.733333	Google_1_Allen Diego_15_oval.jpg
559	6.333333	Google_1_Marvin Lavergne_5_oval (2).jpg
560	5.666667	Google_1_Martin Willey_17_oval.jpg
561	6.200000	Google_1_Martin Speer_1_oval.jpg
562	3.266667	Google_1_Christopher Kesler_11_oval.jpg
563	6.400000	Google_1_Roy Catron_142_oval.jpg
564	6.533333	Google_1_Bryan Brunner_3_oval.jpg
565	6.400000	Google_1_Lydia Ngo_15_oval.jpg
566	7.000000	Google_1_Rachel Espinosa_72_oval.jpg
567	5.866667	Google_1_Florence Jaeger_19_oval.jpg
568	6.466667	Google_1_Jennifer Shuster_7_oval.jpg
569	6.466667	Google_1_Vincent Gerdes_3_oval.jpg
570	6.266667	Google_1_Vicky Reitz_7_oval.jpg
571	6.000000	Google_1_Steven Prevost_3_oval.jpg
572	5.733333	Albert_Rohr_5_oval.jpg
573	5.714286	Google_1_Jeremy Rea_9_oval.jpg
574	5.666667	Google_1_Irma Lugo_13_oval.jpg
575	6.066667	Google_1_Georgia Horn_1_oval.jpg
576	6.428571	Google_1_Della Settles_1_oval.jpg
577	7.142857	Google_1_Karla Valdes_1_oval.jpg
578	4.400000	Google_1_Fred Knotts_1_oval.jpg
579	6.333333	Google_1_Glenn Shields_19_oval.jpg
580	5.266667	Google_1_Ralph Ojeda_3_oval.jpg
581	6.266667	Google_1_Joanna Silvas_3_oval.jpg
582	5.466667	Google_1_Gloria Canada_13_oval.jpg
583	4.400000	Google_1_Craig Hagerman_5_oval.jpg
584	6.133333	Google_1_Shelia Chapman_3_oval.jpg
585	5.800000	Google_1_Ida Markel_5_oval.jpg
586	4.666667	Google_1_Adam Cauthen_1_oval.jpg
587	6.266667	Charles_McDougal_12_oval.jpg
588	6.066667	Google_1_Cassandra Gervais_3_oval.jpg
589	5.400000	Google_1_Leona Kirkman_15_oval.jpg
590	6.333333	Google_1_Julie Dash_1_oval.jpg
591	7.133333	Google_1_Judith Stock_17_oval.jpg
592	5.400000	Google_1_Inez Deville_19_oval.jpg
593	3.200000	Google_1_Victor Garmon_19_oval.jpg
594	3.933333	Google_1_Marian Mcelroy_17_oval.jpg
595	7.733333	Google_1_Alan Grooms_13_oval.jpg
596	6.600000	Google_1_Travis Mccurdy_5_oval.jpg
597	6.400000	Google_1_Curtis Yancey_5_oval.jpg
598	5.400000	Google_1_Harriet Callan_9_oval.jpg
599	6.857143	Google_1_Georgia Langford_7_oval.jpg
600	4.133333	Google_1_Tony Gomez_7_oval.jpg
601	4.800000	Google_1_Carla Mcclellan_9_oval.jpg
602	6.733333	Google_1_Vincent Dean_17_oval.jpg
603	7.000000	Google_1_Willie Hamer_11_oval.jpg
604	3.533333	Google_1_Dennis Dobbs_1_oval.jpg
605	6.800000	Google_1_Eileen Bristow_1_oval.jpg
606	3.400000	Google_1_Jeffery Tilton_3_oval.jpg
607	6.866667	Google_1_Wendy Wiegand_1_oval.jpg
608	5.200000	Google_1_Jesse Fogg_3_oval.jpg
609	7.400000	Google_1_Donna Asberry_5_oval.jpg
610	4.533333	Google_1_Robert Spring_3_oval.jpg
611	5.800000	Google_1_David Hackler_17_oval.jpg
612	6.066667	Google_1_Martin Storer_3_oval.jpg
613	3.600000	Google_1_Raymond Sheridan_1_oval (2).jpg
614	6.333333	Google_1_John Zuniga_7_oval.jpg
615	4.866667	Google_1_John Thomas_15_oval.jpg
616	5.333333	Billy_Elwood_17_oval.jpg
617	3.466667	Google_1_Carrie Miguel_11_oval.jpg
618	6.666667	Google_1_Judith Mcclelland_17_oval.jpg
619	5.133333	Google_1_Wayne Mcdaniels_19_oval.jpg
620	5.600000	Google_1_Myrtle Fowler_15_oval.jpg
621	6.000000	Google_1_Gerald Burch_1_oval.jpg
622	6.400000	Google_1_Keith Eckman_17_oval.jpg
623	4.533333	Google_1_Douglas Tanguay_7_oval.jpg
624	6.200000	Google_1_Paul Horst_15_oval.jpg
625	7.133333	Google_1_Melanie Bustos_1_oval.jpg
626	6.000000	Google_1_Margaret Perez_15_oval.jpg
627	5.600000	Google_1_Curtis Switzer_11_oval.jpg
628	4.866667	Google_1_Eric Croft_1_oval.jpg
629	4.000000	Google_1_Marvin Hansel_1_oval.jpg
630	6.333333	Google_1_Shelly Samaniego_1_oval.jpg
631	6.400000	Google_1_Victor Ellinger_16_oval.jpg
632	7.066667	Google_1_Phillip Browning_17_oval.jpg
633	6.266667	Bobby_Funderburk_9_oval.jpg
634	3.733333	Google_1_Russell Couture_3_oval.jpg
635	7.400000	Google_1_Mark Detwiler_17_oval.jpg
636	7.400000	Google_1_Gerald Strunk_1_oval.jpg
637	5.866667	Google_1_Lillie Brockway_9_oval.jpg
638	6.400000	Google_1_Felicia Rakes_7_oval.jpg
639	4.733333	Google_1_Aaron Hensley_9_oval.jpg
640	6.866667	Google_1_Christopher Ruffner_15_oval.jpg
641	5.666667	Chris_Fellows_19_oval.jpg
642	6.000000	Google_1_Susan Burbank_5_oval.jpg
643	5.200000	Google_1_Sonya Strickland_7_oval.jpg
644	6.733333	Google_1_Vera Becker_5_oval.jpg
645	6.333333	Ana_Starnes_1_oval.jpg
646	6.266667	Google_1_Stanley Easton_9_oval.jpg
647	6.866667	Google_1_Sally Amundson_1_oval.jpg
648	5.933333	Google_1_Olivia Browning_7_oval.jpg
649	3.466667	Google_1_Geraldine Riggs_15_oval.jpg
650	3.200000	Google_1_William Houk_13_oval.jpg
651	3.466667	Google_1_Paul Sun_9_oval.jpg
652	6.266667	Google_1_Joshua Mcmillon_1_oval.jpg
653	5.200000	Google_1_Joseph Sandifer_17_oval.jpg
654	5.600000	Google_1_Vera Becker_17_oval.jpg
655	4.400000	Google_1_John Batey_19_oval.jpg
656	6.800000	Google_1_Joe Owen_9_oval.jpg
657	5.200000	Google_1_Luis Hannon_5_oval.jpg
658	6.142857	Google_1_Steven Deluna_9_oval.jpg
659	6.666667	Google_1_Jennie Khoury_5_oval.jpg
660	5.666667	Google_1_Peter Mcclary_13_oval.jpg
661	3.933333	Google_1_Lisa Rabideau_11_oval.jpg
662	5.733333	Google_1_Darlene Lefler_4_oval.jpg
663	6.466667	Google_1_Sylvia Roscoe_19_oval.jpg
664	5.000000	Google_1_Paul Whitson_1_oval.jpg
665	4.333333	Google_1_Raymond Buss_7_oval.jpg
666	5.733333	Google_1_Lynda Lachance_11_oval.jpg
667	6.733333	Google_1_Mattie Lavin_11_oval.jpg
668	6.333333	Google_1_Vicki Rodriquez_19_oval.jpg
669	6.333333	Google_1_Jeff Ferguson_13_oval.jpg
670	6.000000	Google_1_Jacob Woolley_7_oval.jpg
671	4.866667	Google_1_Dale Pell_3_oval.jpg
672	6.000000	Google_1_Steven Fish_1_oval.jpg
673	6.066667	Harold_Meyers_5_oval.jpg
674	6.733333	Google_1_Ryan Kincaid_15_oval.jpg
675	6.000000	Google_1_Susan Mcroberts_19_oval.jpg
676	6.066667	Google_1_Lillie Eichelberger_1_oval.jpg
677	6.466667	Google_1_Victor Mosby_13_oval.jpg
678	6.333333	Google_1_Jo Fischer_13_oval.jpg
679	6.933333	Google_1_Wendy Schiff_19_oval.jpg
680	6.533333	Google_1_Ann Silvey_3_oval.jpg
681	3.333333	Google_1_Luis Arrowood_5_oval.jpg
682	5.733333	Google_1_Kevin Pearson_15_oval.jpg
683	6.066667	Google_1_Sharon Ruth_19_oval.jpg
684	6.133333	Google_1_Craig Carroll_5_oval.jpg
685	7.133333	Google_1_Sean Blanchard_11_oval.jpg
686	5.400000	Google_1_Roger Kayser_7_oval.jpg
687	4.933333	Google_1_Steven Obryan_7_oval.jpg
688	6.933333	Google_1_Harry Elson_5_oval.jpg
689	5.533333	Google_1_Scott Willis_15_oval.jpg
690	3.857143	Google_1_Kristin Hammons_1_oval.jpg
691	4.800000	Google_1_Larry Schnell_5_oval.jpg
692	6.600000	Google_1_Jeffrey Churchwell_1_oval.jpg
693	6.133333	Allen_Eagan_9_oval.jpg
694	7.000000	Google_1_Vincent Monger_17_oval.jpg
695	7.200000	Google_1_Bryan Fee_17_oval.jpg
696	4.000000	Google_1_Thomas Mercado_9_oval.jpg
697	4.066667	Google_1_Benjamin Barber_9_oval.jpg
698	6.200000	Allison_Baldridge_7_oval.jpg
699	5.733333	Amanda_Kraus_11_oval.jpg
700	6.200000	Google_1_Debra Huff_9_oval.jpg
701	5.800000	Google_1_Sandra Westfall_7_oval.jpg
702	5.666667	Google_1_Jacob Sackett_11_oval.jpg
703	5.200000	Google_1_April Hewett_13_oval.jpg
704	6.266667	Google_1_Anthony Gilmore_7_oval.jpg
705	5.933333	Google_1_Lorraine Silvey_3_oval.jpg
706	6.600000	Google_1_Anne Weinstein_13_oval.jpg
707	7.933333	Google_1_Tiffany Mcnew_7-oval.jpg
708	5.333333	Google_1_Gary Unruh_4_oval.jpg
709	3.600000	Google_1_David Prosser_18_oval.jpg
710	5.933333	Google_1_Charlene Cordova_9_oval.jpg
711	6.666667	Google_1_Latoya Hinds_17_oval.jpg
712	4.933333	Google_1_Kevin Boren_15_oval.jpg
713	5.733333	Google_1_Kathy Fox_3_oval.jpg
714	6.933333	Google_1_Theresa Oshea_3_oval.jpg
715	6.200000	Google_1_Joe Bristol_19_oval.jpg
716	6.666667	Google_1_Tiffany Chipman_7_oval.jpg
717	5.600000	Google_1_Alan Roth_9_oval.jpg
718	5.866667	Google_1_Kara Shropshire_7_oval.jpg
719	6.600000	Google_1_Debra Jankowski_7_oval.jpg
720	5.666667	Google_1_Debbie Blackwell_11_oval.jpg
721	6.000000	Google_1_Jodi Comer_5_oval.jpg
722	5.466667	Google_1_Lola Shick_5_oval.jpg
723	5.933333	Google_1_Terri Oxford_9_oval.jpg
724	4.933333	Google_1_Kathy Gruber_19_oval.jpg
725	5.866667	Google_1_Robert Ross_17_oval.jpg
726	6.466667	Google_1_Lawrence Mendes_13_oval.jpg
727	7.000000	Google_1_Tara Clow_11_oval.jpg
728	6.333333	Google_1_Ronald Laskowski_17_oval.jpg
729	6.133333	Google_1_Ryan Crandall_132_oval.jpg
730	6.600000	Google_1_William Hoppe_3_oval.jpg
731	7.133333	Google_1_Gregory Mcadoo_13_oval.jpg
732	4.400000	Google_1_Jeffrey Watson_1_oval.jpg
733	6.466667	Google_1_Ruby Shively_7_oval.jpg
734	6.285714	Google_1_Randy Stanger_17_oval.jpg
735	7.133333	Google_1_Kevin Boren_1_oval.jpg
736	4.666667	Google_1_Hazel Muldrow_6_oval.jpg
737	6.200000	Google_1_Gary Reader_1_oval.jpg
738	5.733333	Google_1_Pamela Griffith_1_oval.jpg
739	4.133333	Google_1_Michael Stoner_15_oval.jpg
740	3.933333	Google_1_Shelia Chapman_19_oval.jpg
741	6.466667	Google_1_Vivian Pender_7_oval.jpg
742	4.666667	Brian_Friedrich_19_oval.jpg
743	6.200000	Google_1_Susan Sanabria_9_oval.jpg
744	6.266667	Google_1_Marjorie Derr_17_oval.jpg
745	6.466667	Google_1_Stanley Stott_5_oval.jpg
746	6.066667	Google_1_Marie Benner_3_oval.jpg
747	6.066667	Google_1_Christopher Hayden_1_oval.jpg
748	3.933333	Google_1_Jerry Deboer_7_oval.jpg
749	7.000000	Google_1_Darlene Bourque_9_oval.jpg
750	6.333333	Google_1_Kevin Fontaine_5_oval.jpg
751	5.733333	Google_1_Todd Zambrano_3_oval.jpg
752	7.000000	Google_1_Manuel Kain_5_oval.jpg
753	6.500000	Google_1_Patrick Kornegay_14_oval.jpg
754	6.533333	Google_1_Danny Bickerstaff_5_oval.jpg
755	7.071429	Google_1_Janice Hartford_9_oval.jpg
756	6.200000	Google_1_James Rome_9_oval.jpg
757	3.600000	Google_1_Nicholas Cotter_15_oval.jpg
758	4.933333	Google_1_Juan Cordova_9_oval.jpg
759	3.933333	Google_1_Steven Dorris_5_oval.jpg
760	5.785714	Google_1_Candace Danielson_17_oval.jpg
761	6.400000	Google_1_Shelley Lund_13_oval.jpg
762	5.933333	Google_1_Diana Rees_13_oval.jpg
763	6.333333	Google_1_June Hicks_13_oval.jpg
764	5.266667	Google_1_Gregory Argueta_5-oval.jpg
765	5.333333	Google_1_Kevin Weinstein_9_oval.jpg
766	5.642857	Brian_Mach_6_oval.jpg
767	6.733333	Google_1_Julie Cathcart_1_oval.jpg
768	6.333333	Google_1_Kristin Escamilla_1_oval.jpg
769	6.000000	Google_1_Gregory Money_5_oval.jpg
770	6.000000	Brian_Mach_1_oval.jpg
771	7.466667	Google_1_Ana Brooker_9_oval.jpg
772	6.400000	Google_1_Suzanne Woodcock_1_oval.jpg
773	4.200000	Google_1_Leonard Shumpert_3_oval.jpg
774	7.066667	Google_1_Janet Day_17_oval.jpg
775	3.214286	Google_1_Ronald Barham_1_oval.jpg
776	6.200000	Google_1_Nathan Batts_15_oval.jpg
777	7.533333	Google_1_Paul Howse_5_oval.jpg
778	6.466667	Google_1_Vicky Frey_8_oval.jpg
779	6.200000	Google_1_Rachel Hope_12_oval.jpg
780	4.666667	Google_1_Clarence Pare_3_oval.jpg
781	3.400000	Google_1_Viola Aranda_9_oval.jpg
782	6.600000	Google_1_Debbie Ma_9_oval.jpg
783	6.000000	Google_1_Henry Gaona_5_oval.jpg
784	6.533333	Google_1_Jeffrey Chao_3_oval.jpg
785	6.333333	Ann_Siu_13_oval.jpg
786	7.533333	Google_1_George Bickerstaff_19_oval.jpg
787	7.600000	Google_1_Jennifer Tedesco_3_oval.jpg
788	5.200000	Google_1_Jacob Gupton_5_oval.jpg
789	5.400000	Google_1_Ann Rosenthal_13_oval.jpg
790	5.866667	Brian_Shively_13_oval.jpg
791	6.266667	Google_1_Deborah Mathison_19_oval.jpg
792	6.200000	Google_1_Kevin Zimmerman_11_oval.jpg
793	6.400000	Google_1_Iris Gause_3_oval.jpg
794	6.400000	Google_1_Terry Otto_3_oval.jpg
795	5.066667	Google_1_Ryan Espinosa_19_oval.jpg
796	6.000000	Google_1_Louis Knopp_7_oval.jpg
797	6.466667	Google_1_Mark Detwiler_9_oval.jpg
798	5.000000	Google_1_Marsha Kaminsky_11_oval.jpg
799	3.250000	Google_1_Shawn Orlando_1_oval.jpg
800	3.125000	Google_1_Aaron Osuna_9_oval.jpg
801	6.375000	Google_1_Timothy Rusk_11_oval.jpg
802	5.937500	Google_1_Arthur Albright_5_oval.jpg
803	6.500000	Google_1_Steve Westbrooks_3_oval.jpg
804	7.000000	Google_1_Mark Smoot_13_oval.jpg
805	3.937500	Google_1_Ronald Rey_3_oval.jpg
806	8.125000	Google_1_Rodney Sandy_9_oval.jpg
807	4.066667	Google_1_Larry Munoz_15_oval.jpg
808	4.812500	Google_1_Peter Pickard_3_oval.jpg
809	6.000000	Google_1_Carlos Melvin_11_oval.jpg
810	3.750000	Google_1_Victor Thibodeaux_15_oval.jpg
811	6.687500	Google_1_Christopher Casiano_15_oval.jpg
812	6.875000	Google_1_Lisa Garrity_17_oval.jpg
813	5.500000	Ann_Mullen_15_oval.jpg
814	7.562500	Google_1_Vincent Fleenor_5_oval.jpg
815	6.812500	Google_1_Lynda Dickenson_9_oval.jpg
816	7.062500	Google_1_Vincent Eades_5_oval.jpg
817	7.125000	Google_1_Ralph Rowlett_9_oval.jpg
818	6.250000	Google_1_Roger Skelton_3_oval.jpg
819	7.500000	Google_1_Maureen Hand_9_oval.jpg
820	5.875000	Google_1_Richard Lemaster_15_oval.jpg
821	5.687500	Google_1_Hannah Linville_7_oval.jpg
822	7.250000	Google_1_Rebecca Dasilva_9_oval.jpg
823	5.437500	Adam_Koester_6_oval.jpg
824	7.266667	Google_1_Krista Escamilla_15_oval.jpg
825	6.312500	Google_1_Matthew Steinbach_3_oval.jpg
826	5.875000	Google_1_Louis Averill_5_oval.jpg
827	6.312500	Google_1_Kenneth Rigsby_13_oval.jpg
828	7.062500	Google_1_Earl Oh_5_oval.jpg
829	6.250000	Google_1_Crystal Burg_9_oval.jpg
830	6.375000	Google_1_Grace Diamond_17_oval.jpg
831	5.125000	Google_1_Theresa Greenlee_15_oval.jpg
832	5.125000	Google_1_Irma Duckworth_7_oval.jpg
833	5.062500	Google_1_Stanley Cornelius_3_oval.jpg
834	5.800000	Google_1_William Behrens_3_oval.jpg
835	2.812500	Google_1_Gary Sartain_9_oval.jpg
836	6.187500	Google_1_Fred Prater_3_oval.jpg
837	7.000000	Google_1_Becky Deboer_5_oval.jpg
838	4.625000	Google_1_Paul Bautista_7_oval.jpg
839	3.437500	Google_1_Latoya Hinds_9_oval.jpg
840	8.066667	Google_1_Amanda Hooten_17_oval.jpg
841	7.250000	Google_1_Kristin Dicks_19_oval.jpg
842	6.437500	Google_1_Philip Diggs_7_oval.jpg
843	5.937500	Google_1_Lorraine Byrd_9_oval.jpg
844	6.312500	Google_1_Edith Newton_1_oval.jpg
845	6.200000	Google_1_Glenda Colby_17_oval.jpg
846	3.937500	Google_1_Jane Pepper_15_oval.jpg
847	7.625000	Google_1_Stanley Kopp_13_oval.jpg
848	5.312500	Amanda_Denning_9_oval.jpg
849	6.875000	Google_1_Loretta Hinz_15_oval.jpg
850	4.500000	Google_1_Victor Flood_3_oval.jpg
851	3.933333	Google_1_Shawn Schuster_15_oval.jpg
852	6.687500	Google_1_Jeff Martindale_9_oval.jpg
853	6.812500	Google_1_Jennie Conn_3_oval.jpg
854	6.562500	Google_1_Nicholas Constantine_3_oval.jpg
855	4.812500	Google_1_Craig Zajac_17_oval.jpg
856	7.200000	Google_1_Russell Gillam_11_oval.jpg
857	5.437500	Google_1_Jimmy Creech_15_oval.jpg
858	4.312500	Google_1_Marsha Mauldin_5_oval.jpg
859	5.500000	Google_1_Marian Ellington_11_oval.jpg
860	7.125000	Arthur_Josey_7_oval.jpg
861	5.733333	Google_1_Patrick Guertin_5_oval.jpg
862	5.600000	Google_1_Ryan Welton_1_oval.jpg
863	5.562500	Google_1_Rachel Hollingshead_52_oval.jpg
864	6.437500	Google_1_Lawrence Holman_9_oval.jpg
865	7.437500	Google_1_Laura Trinidad_1_oval.jpg
866	5.937500	Google_1_Roxanne Sales_13_oval.jpg
867	7.125000	Google_1_Catherine Stinnett_9_oval.jpg
868	6.750000	Google_1_Chad Lacombe_19_oval.jpg
869	7.333333	Google_1_Karla Harlow_16_oval.jpg
870	5.687500	Google_1_Carl Cosgrove_1_oval.jpg
871	6.937500	Google_1_Ramona Thornburg_1_oval.jpg
872	7.000000	Google_1_Vickie Muldoon_17_oval.jpg
873	7.687500	Google_1_Faye Work_9_oval.jpg
874	6.687500	Google_1_Paul Zeigler_18_oval.jpg
875	6.875000	Allen_Strain_13_oval.jpg
876	2.562500	Google_1_Adam Sanborn_15_oval.jpg
877	6.875000	Google_1_Florence Melton_1_oval.jpg
878	3.562500	Google_1_Benjamin Mcshane_15_oval.jpg
879	3.875000	Google_1_Richard Mcguire_19_oval.jpg
880	5.937500	Google_1_Howard Hailey_7-oval.jpg
881	5.562500	Google_1_Ronald Molloy_6_oval.jpg
882	6.866667	Google_1_Tina Glaze_9_oval.jpg
883	6.562500	Google_1_Teresa Birdwell_9_oval.jpg
884	6.312500	Google_1_Jacquelyn Currier_15_oval.jpg
885	4.250000	Google_1_Peter Alfred_1_oval.jpg
886	4.133333	Google_1_Mark Houser_17_oval.jpg
887	7.666667	Google_1_Shelia Olinger_11_oval.jpg
888	7.062500	Google_1_Lynda Lheureux_3_oval.jpg
889	4.928571	Google_1_Kathleen Guimond_7_oval.jpg
890	6.875000	Google_1_Bryan Gleason_19_oval.jpg
891	4.750000	Google_1_Gary Scheffler_3_oval.jpg
892	7.062500	Google_1_Sheri Strait_5_oval.jpg
893	6.312500	Google_1_Joshua Veilleux_15_oval.jpg
894	5.625000	Google_1_Janice Western_19_oval.jpg
895	6.625000	Bobby_Funderburk_1_oval.jpg
896	6.312500	Google_1_Theresa Oshea_5_oval.jpg
897	4.812500	Ernest_Mansell_1_oval.jpg
898	6.875000	Google_1_Dale Sass_1_oval.jpg
899	5.333333	Google_1_Adam Khan_3_oval.jpg
900	6.800000	Albert_Belk_5_oval.jpg
901	6.357143	Google_1_Shawn Walling_3_oval.jpg
902	7.400000	Google_1_Terry Mudd_1_oval.jpg
903	4.733333	Google_1_Charles Stroman_9_oval.jpg
904	5.266667	Google_1_Cecilia Lippert_3_oval.jpg
905	6.857143	Google_1_Margaret Wilkerson_3_oval.jpg
906	4.000000	Google_1_Jacob Barry_3_oval.jpg
907	4.533333	Google_1_Jerry Lovelace_16_oval.jpg
908	5.533333	Google_1_Justin Elias_3_oval.jpg
909	6.800000	Google_1_Donald Lacasse_17_oval.jpg
910	6.866667	Google_1_Stanley Wharton_13_oval.jpg
911	5.400000	Google_1_Carl Weston_19_oval.jpg
912	6.785714	Google_1_Chad Mannino_1_oval.jpg
913	6.266667	Google_1_Daniel Moorer_3_oval.jpg
914	6.866667	Google_1_David Bourassa_1_oval.jpg
915	3.933333	Google_1_Maureen Carrasco_13_oval.jpg
916	4.928571	Google_1_Rhonda Cato_11_oval.jpg
917	7.133333	Google_1_Jonathan Mcgruder_7_oval.jpg
918	6.642857	Google_1_Olga Olin_19_oval.jpg
919	6.866667	Andrew_Baugh_17_oval.jpg
920	6.933333	Josephine_Anderson_17_oval.jpg
921	5.266667	Google_1_Raymond Hartwig_13_oval.jpg
922	6.533333	Google_1_John Main_1_oval.jpg
923	7.333333	Google_1_Paul Horst_9_oval.jpg
924	6.266667	Google_1_Jeff Reiss_1_oval.jpg
925	4.071429	Google_1_Carlos Richburg_16_oval.jpg
926	6.600000	Anthony_Hartsfield_9_oval.jpg
927	5.933333	Google_1_Thomas Karp_9_oval.jpg
928	6.928571	Google_1_Cathy Colletti_13_oval.jpg
929	6.333333	Google_1_Roy Cross_9_oval.jpg
930	3.866667	Google_1_Stephen Dunigan_3_oval.jpg
931	7.266667	Google_1_Candace Mattos_11_oval.jpg
932	4.400000	Google_1_Victor Samuel_15_oval.jpg
933	5.285714	Blanca_Elliott_7_oval.jpg
934	6.000000	Google_1_Roy Bieber_7_oval.jpg
935	3.785714	Google_1_Jonathan Bozarth_17_oval.jpg
936	6.466667	Google_1_Thomas Lennon_9_oval.jpg
937	5.133333	Google_1_Luis Sweeney_15_oval.jpg
938	7.066667	Google_1_Gregory Arriola_3_oval.jpg
939	5.200000	Google_1_Clara Luttrell_3_oval.jpg
940	4.933333	Google_1_Peter Oquinn_5_oval.jpg
941	6.066667	Google_1_Jimmy Duda_3_oval.jpg
942	7.000000	Google_1_Jeanette Braswell_15_oval.jpg
943	6.200000	Google_1_Sonia Steffen_3_oval.jpg
944	6.666667	Adrienne_Blaney_15_oval.jpg
945	3.733333	Google_1_Hazel Chadwell_9_oval.jpg
946	4.666667	Google_1_Bruce Rossi_13_oval.jpg
947	6.266667	Google_1_Brandy Payton_13_oval.jpg
948	6.400000	Anthony_Morgan_7_oval.jpg
949	6.600000	Google_1_Adam Hung_9_oval.jpg
950	6.800000	Google_1_Jeanne Brian_1_oval.jpg
951	5.333333	Google_1_Andrew Diggs_9_oval.jpg
952	5.928571	Google_1_Harold Hansen_9_oval.jpg
953	6.266667	Aaron_Dollar_13_oval.jpg
954	6.000000	Google_1_Victor Potter_13_oval.jpg
955	7.066667	Google_1_Marjorie Dearborn_5_oval.jpg
956	5.533333	Google_1_Gregory Wynne_1_oval.jpg
957	6.933333	Annie_Leslie_17_oval.jpg
958	6.800000	Google_1_Jerry Eckman_17_oval.jpg
959	5.466667	Google_1_Dale Reid_3_oval.jpg
960	7.200000	Google_1_Vera Becker_11_oval.jpg
961	6.000000	Google_1_Sheila Sokol_7_oval.jpg
962	6.133333	Google_1_Timothy Galvan_11_oval.jpg
963	6.866667	Google_1_Gloria Canada_15_oval.jpg
964	5.866667	Google_1_Beverly Wiener_1_oval.jpg
965	7.000000	Google_1_Tara Letendre_9_oval.jpg
966	3.733333	Google_1_David Gooden_15_oval.jpg
967	4.533333	Betty_Trainor_19_oval.jpg
968	4.066667	Google_1_Claudia Rohrer_13_oval.jpg
969	6.533333	Google_1_Joann Masse_5_oval.jpg
970	7.200000	Google_1_Becky Nevels_9_oval.jpg
971	7.066667	Google_1_Karla Ragsdale_1_oval.jpg
972	6.133333	Google_1_Philip Finkelstein_3_oval.jpg
973	7.466667	Google_1_Keith Worth_13_oval.jpg
974	6.571429	Google_1_Sean Dipietro_5_oval.jpg
975	6.071429	Google_1_Carla Kirkpatrick_1_oval.jpg
976	6.642857	Google_1_Gwendolyn Swinson_19_oval.jpg
977	6.933333	Google_1_Carole Draper_13_oval.jpg
978	3.733333	Google_1_Louis Tillis_19_oval.jpg
979	5.600000	Google_1_Jack Gammon_5_oval.jpg
980	7.133333	Google_1_Brian Kellner_1_oval.jpg
981	6.666667	Google_1_Jose Monaghan_9_oval.jpg
982	5.785714	Google_1_Anne Biddle_5_oval.jpg
983	3.571429	Google_1_Bessie Wolfe_19_oval.jpg
984	6.428571	Agnes_Castellanos_11_oval.jpg
985	7.200000	Google_1_Randy Potts_1_oval.jpg
986	6.266667	Google_1_Carolyn Swanson_17_oval.jpg
987	6.533333	Google_1_Maxine Mcnulty_3_oval.jpg
988	2.857143	Google_1_Mamie Pereira_1_oval.jpg
989	4.466667	Google_1_Glenn Red_17_oval.jpg
990	6.466667	Google_1_Carole Ingraham_11_oval.jpg
991	2.866667	Google_1_Willie Cullen_1_oval.jpg
992	4.933333	John_Hemingway_1_oval.jpg
993	6.933333	Google_1_Anne Gilman_7_oval.jpg
994	6.533333	Google_1_Matthew Truman_17_oval.jpg
995	5.928571	Brandon_Kunkel_15_oval.jpg
996	4.928571	Google_1_John Paddock_19_oval.jpg
997	6.142857	Google_1_Christopher Krebs_3_oval.jpg
998	5.800000	Google_1_June Nester_1_oval.jpg
999	5.933333	Google_1_Samuel Halvorson_3_oval.jpg
1000	6.600000	Google_1_Sherri Finley_5_oval.jpg
1001	6.800000	Google_1_Lula Woodworth_7_oval.jpg
1002	7.333333	Google_1_Alma Poor_7_oval.jpg
1003	6.600000	Google_1_Sean Shores_5_oval.jpg
1004	6.066667	Google_1_Ryan Concepcion_1_oval.jpg
1005	6.785714	Google_1_Samuel Galarza_11_oval.jpg
1006	7.533333	Google_1_Harold Gravitt_1_oval.jpg
1007	7.533333	Google_1_Roberta Jasso_5_oval.jpg
1008	4.933333	Google_1_Stephen Macias_19_oval.jpg
1009	6.357143	Google_1_Yolanda Scully_3_oval.jpg
1010	7.133333	Google_1_Curtis Botello_12_oval.jpg
1011	7.333333	Google_1_Lynda Race_13_oval.jpg
1012	5.533333	Google_1_Albert Fortunato_7_oval.jpg
1013	2.666667	Google_1_Matthew Truman_1_oval.jpg
1014	6.857143	Google_1_Melissa Aycock_7_oval.jpg
1015	6.000000	Google_1_Antonio Benn_12_oval.jpg
1016	6.600000	Google_1_Ronald Stella_15_oval.jpg
1017	4.333333	Google_1_Manuel Slavin_1_oval.jpg
1018	4.400000	Google_1_Jonathan Bogle_9_oval.jpg
1019	4.333333	Google_1_Tony Ingham_3_oval.jpg
1020	7.066667	Google_1_Jennie Conn_1_oval.jpg
1021	6.571429	Google_1_Joe Grayson_17_oval.jpg
1022	7.266667	Antonio_Blaney_11_oval.jpg
1023	6.428571	Google_1_Jason Hershey_11_oval.jpg
1024	5.066667	Google_1_Denise Bach_11_oval.jpg
1025	5.333333	Google_1_Sonia Bingaman_5_oval.jpg
1026	7.066667	Google_1_Scott Clayton_15_oval.jpg
1027	6.333333	Google_1_Sonia Linder_17_oval.jpg
1028	5.866667	Brandon_Kunkel_9_oval.jpg
1029	5.800000	Google_1_Justin Reinke_9_oval.jpg
1030	7.066667	Angela_Bono_3_oval.jpg
1031	6.538462	Google_1_Alison Trejo_9_oval.jpg
1032	3.600000	Google_1_Chris Avelar_5_oval.jpg
1033	6.666667	Google_1_Lynda Dame_7_oval.jpg
1034	5.071429	Google_1_Aaron Snipes_19_oval.jpg
1035	3.333333	Antonio_Hillman_15_oval.jpg
1036	5.666667	Google_1_Richard Bard_7_oval.jpg
1037	6.785714	Google_1_Chad Stallworth_5_oval.jpg
1038	5.800000	Google_1_Matthew Nickens_17_oval.jpg
1039	3.066667	Google_1_Alan Ruff_9_oval.jpg
1040	5.333333	Google_1_Douglas Covert_11_oval.jpg
1041	2.666667	Google_1_Tony Ly_7_oval.jpg
1042	5.428571	Google_1_Vickie Mounts_8_oval.jpg
1043	6.600000	Google_1_Eugene Mccue_17_oval.jpg
1044	4.933333	Google_1_Nicholas Bretz_5_oval.jpg
1045	7.000000	Google_1_Manuel Levinson_1_oval.jpg
1046	7.066667	Google_1_Patrick Guertin_9_oval.jpg
1047	4.285714	Google_1_June Mckeown_17_oval.jpg
1048	5.466667	Google_1_Eric Barbour_3_oval.jpg
1049	6.400000	Google_1_Eric Osuna_3_oval.jpg
1050	7.000000	Google_1_Becky Hake_1_oval.jpg
1051	4.000000	Google_1_Curtis Lewellen_1_oval.jpg
1052	6.800000	Google_1_Heather Veilleux_13_oval.jpg
1053	3.600000	Google_1_Erica Baber_15_oval.jpg
1054	4.933333	Google_1_Craig Moua_1_oval.jpg
1055	3.866667	Google_1_Frank Dillard_3_oval.jpg
1056	7.133333	Google_1_Eric Williford_3_oval.jpg
1057	6.800000	Google_1_Cassandra Gardner_9_oval.jpg
1058	5.666667	Google_1_Vincent Travers_19_oval.jpg
1059	6.200000	Google_1_Donald Main_1_oval.jpg
1060	3.800000	Google_1_Jeanette Weddle_1_oval.jpg
1061	6.533333	Google_1_Eileen Hyder_5_oval.jpg
1062	6.666667	Google_1_Cynthia Thurber_7_oval.jpg
1063	4.666667	Google_1_Jerry Gaffney_11_oval.jpg
1064	6.733333	Google_1_Jeff Williford_7_oval.jpg
1065	6.066667	Google_1_Geneva Cline_11_oval.jpg
1066	5.800000	Google_1_Gwendolyn Vance_152_oval.jpg
1067	6.333333	Google_1_Luis Kraus_3_oval.jpg
1068	7.266667	Google_1_Lawrence Krieger_5_oval.jpg
1069	6.866667	Google_1_Chad Brister_11_oval.jpg
1070	6.533333	Google_1_Matthew Obrian_5_oval.jpg
1071	5.933333	Google_1_Joshua Hooper_13_oval.jpg
1072	5.400000	Angela_Upshaw_15_oval.jpg
1073	6.133333	Google_1_Kristi Kittle_7_oval.jpg
1074	6.600000	Google_1_Theresa Greenlee_7_oval.jpg
1075	6.866667	Google_1_Elizabeth Gibbons_3_oval.jpg
1076	6.133333	Google_1_Erika Severson_17_oval.jpg
1077	6.733333	Google_1_Sheri Wiley_3_oval.jpg
1078	7.466667	Google_1_Carlos Fagan_7_oval.jpg
1079	6.866667	Google_1_Julia Frantz_19_oval.jpg
1080	6.357143	Google_1_Darlene Kerrigan_7_oval.jpg
1081	4.933333	Google_1_Paul Kuntz_5_oval.jpg
1082	5.133333	Google_1_Tammy Risinger_7_oval.jpg
1083	7.533333	Google_1_Donna Eaton_7_oval.jpg
1084	6.933333	Google_1_Fred Bilbrey_7_oval.jpg
1085	6.133333	Google_1_Gary Perri_3_oval.jpg
1086	7.066667	Google_1_Shelley Lund_5_oval.jpg
1087	7.266667	Google_1_Toni Moller_152_oval.jpg
1088	5.800000	Google_1_Marjorie Ferris_15_oval.jpg
1089	4.466667	Google_1_Earl Sarmiento_19_oval.jpg
1090	6.000000	Google_1_Randy Mikesell_1_oval.jpg
1091	5.000000	Google_1_Jose Dvorak_7_oval.jpg
1092	6.333333	Brian_Borders_9_oval.jpg
1093	7.000000	Google_1_Douglas Belden_13_oval.jpg
1094	7.400000	Alison_Trejo_7_oval.jpg
1095	7.200000	Google_1_Robert Gonzalez_15_oval.jpg
1096	7.466667	Google_1_Lynda Stamm_15_oval.jpg
1097	6.200000	Google_1_Russell Loftin_15_oval.jpg
1098	6.133333	Google_1_Vivian Tucker_9_oval.jpg
1099	5.266667	Google_1_Christine Turcotte_9_oval.jpg
1100	4.866667	Google_1_Jonathan Crosby_11_oval.jpg
1101	6.866667	Google_1_Celia Michael_11_oval.jpg
1102	6.933333	Google_1_Georgia Robert_1_oval.jpg
1103	6.866667	Google_1_Jacob Rubino_3_oval.jpg
1104	7.533333	Allison_Baldridge_1_oval.jpg
1105	6.933333	Google_1_Vanessa Beltz_7_oval.jpg
1106	4.933333	Google_1_Edward Walter_1_oval.jpg
1107	7.666667	Google_1_Florence Tremblay_7_oval.jpg
1108	5.600000	Google_1_Joe Amaral_3_oval.jpg
1109	6.466667	Google_1_Lynne Zinn_13_oval.jpg
1110	6.866667	Google_1_Darlene Perrone_11_oval.jpg
1111	5.133333	Google_1_Harold Skaggs_5_oval.jpg
1112	2.933333	Google_1_Jesse Godwin_5_oval.jpg
1113	6.933333	Google_1_Laura Gamache_15_oval.jpg
1114	3.800000	Google_1_Shelia Mcswain_19_oval.jpg
1115	4.800000	Google_1_Charles Langdon_15_oval.jpg
1116	6.785714	Google_1_Harold Newhouse_11_oval.jpg
1117	5.600000	Google_1_Albert Riggs_7_oval.jpg
1118	6.400000	Google_1_Lawrence Westcott_7_oval.jpg
1119	6.266667	Google_1_Karen Oxford_16_oval.jpg
1120	4.200000	Google_1_Paul Bosch_15_oval.jpg
1121	5.600000	Google_1_Teresa Birdwell_5_oval.jpg
1122	6.733333	Google_1_Claudia Olivarez_9_oval.jpg
1123	6.800000	Google_1_Julia Widmer_3_oval.jpg
1124	6.666667	Google_1_June Boehm_13_oval.jpg
1125	6.533333	Google_1_Laura Zook_7_oval.jpg
1126	5.866667	Google_1_Eileen Burd_15_oval.jpg
1127	4.066667	Google_1_Lawrence Mccallum_13_oval.jpg
1128	4.666667	Google_1_Gina Santacruz_1_oval.jpg
1129	4.857143	Google_1_Jeffery Nettles_9_oval.jpg
1130	4.333333	Google_1_Eugene Mars_3_oval.jpg
1131	7.200000	Google_1_Harry Steiger_5_oval.jpg
1132	3.500000	Google_1_Lena Clausen_12_oval.jpg
1133	6.200000	Google_1_Russell Baeza_13_oval.jpg
1134	6.000000	Google_1_Keith Keith_19_oval.jpg
1135	3.266667	Google_1_Irene Dow_11_oval.jpg
1136	5.000000	Google_1_Martin Conway_9_oval.jpg
1137	6.200000	Google_1_Diana Bateman_7_oval.jpg
1138	6.133333	Google_1_Roger Kennedy_13_oval.jpg
1139	6.666667	Google_1_Elaine Grey_9_oval.jpg
1140	7.400000	Google_1_Curtis Wegner_16_oval.jpg
1141	5.785714	Google_1_Edna Cooley_19_oval.jpg
1142	5.928571	Google_1_Henry Gumm_3_oval.jpg
1143	6.733333	Google_1_Michelle Topping_11_oval.jpg
1144	6.333333	Google_1_Susan Conant_5_oval.jpg
1145	6.733333	Google_1_Curtis Yancey_16_oval.jpg
1146	7.200000	Google_1_Maggie Hess_5_oval.jpg
1147	4.533333	Adam_Koester_12_oval.jpg
1148	5.400000	Google_1_Kathleen Valerio_9_oval.jpg
1149	6.466667	Google_1_Caroline Mccandless_5_oval.jpg
1150	2.800000	Google_1_Leonard Overcash_1_oval.jpg
1151	6.466667	Google_1_Delores Creed_19_oval.jpg
1152	5.533333	Google_1_Roy Roberson_18_oval.jpg
1153	7.071429	Google_1_Michelle Boren_3_oval.jpg
1154	7.466667	Google_1_Helen Ferland_17_oval.jpg
1155	7.285714	Google_1_Nathan Bloodworth_17_oval.jpg
1156	6.000000	Google_1_Kristina Williams_9_oval.jpg
1157	4.866667	Google_1_Jerry Lovelace_5_oval.jpg
1158	4.800000	Google_1_Robert Bullins_7_oval.jpg
1159	3.933333	Google_1_Alan Macfarlane_7_oval.jpg
1160	6.533333	Albert_Belk_12_oval.jpg
1161	5.466667	Google_1_Fred Cornish_1_oval.jpg
1162	5.066667	Google_1_Harry Hickman_15_oval.jpg
1163	6.466667	Google_1_Jodi Morrow_19_oval.jpg
1164	4.800000	Google_1_Catherine Fiske_17_oval.jpg
1165	3.133333	Google_1_Samuel Mcalister_3_oval.jpg
1166	3.933333	Google_1_Annie Hassell_9_oval.jpg
1167	7.133333	Google_1_Jeffrey Merryman_7_oval.jpg
1168	5.466667	Google_1_Ronald Dunbar_3_oval.jpg
1169	6.533333	Google_1_Wayne Sutter_11_oval.jpg
1170	6.866667	Google_1_William Gorham_15_oval.jpg
1171	5.666667	Google_1_Wanda Joyce_9_oval.jpg
1172	6.466667	Google_1_Clara Blais_19_oval.jpg
1173	7.333333	Google_1_Krista Schade_9_oval.jpg
1174	3.333333	Alan_Infante_11_oval.jpg
1175	6.142857	Google_1_Marilyn Archibald_5_oval.jpg
1176	7.133333	Google_1_Sara Simpson_17_oval.jpg
1177	5.333333	Google_1_Felicia Nightingale_11_oval.jpg
1178	7.285714	Google_1_Stanley Bannon_9_oval.jpg
1179	6.333333	Google_1_Martin Burbank_19_oval.jpg
1180	6.666667	Google_1_Frank Rubino_3_oval.jpg
1181	3.400000	Google_1_Steven Dorris_3_oval.jpg
1182	4.933333	Google_1_James Howie_9_oval.jpg
1183	5.600000	Ada_Galbreath_19_oval.jpg
1184	6.800000	Google_1_Anthony Adcock_17_oval.jpg
1185	4.866667	Google_1_Stanley Kopp_7_oval.jpg
1186	5.933333	Google_1_Kara Tsang_15_oval.jpg
1187	3.533333	Google_1_Paul Wold_1_oval.jpg
1188	4.533333	Google_1_Felicia Cochran_9_oval.jpg
1189	6.357143	Google_1_Margie Spriggs_1_oval.jpg
1190	4.533333	Google_1_Jose Braddy_1_oval.jpg
1191	4.866667	Google_1_Sherry Mcmichael_13_oval.jpg
1192	6.266667	Google_1_Constance Mcgann_13_oval.jpg
1193	4.600000	Google_1_Pamela Osuna_5_oval.jpg
1194	5.133333	Google_1_Chris Lykins_9_oval.jpg
1195	7.400000	Google_1_Henry Dominguez_9_oval.jpg
1196	7.333333	Google_1_Cecilia Peterson_11_oval.jpg
1197	4.800000	Google_1_Vincent Hamblin_3_oval.jpg
1198	5.933333	Google_1_Philip Pfeffer_3_oval.jpg
1199	6.866667	Google_1_Jeffery Beauregard_9_oval.jpg
1200	3.466667	Google_1_Randy Dowdy_19_oval.jpg
1201	6.000000	Google_1_Chad Jablonski_15_oval.jpg
1202	7.066667	Google_1_Brian Kellner_16_oval.jpg
1203	6.600000	Google_1_Douglas Wampler_7_oval.jpg
1204	6.600000	Bruce_Oberg_9_oval.jpg
1205	3.866667	Google_1_Larry Truett_13_oval.jpg
1206	3.800000	Google_1_Fred Wicker_7_oval.jpg
1207	3.733333	Google_1_Ronald Fast_9_oval.jpg
1208	6.533333	Google_1_Antonio Helmick_5_oval.jpg
1209	6.933333	Google_1_Cheryl Mcclean_13_oval.jpg
1210	6.066667	Google_1_George Spurgeon_13_oval.jpg
1211	6.533333	Bryan_Downer_132_oval.jpg
1212	6.500000	Google_1_Travis Matheson_3_oval.jpg
1213	6.000000	Joann_Pickering_16_oval.jpg
1214	6.785714	Google_1_William Shelton_13_oval.jpg
1215	4.933333	Google_1_Kelli Tramel_17_oval.jpg
1216	2.466667	Google_1_Mattie Steffen_9_oval.jpg
1217	6.866667	Google_1_Patrick Woolley_9_oval.jpg
1218	3.733333	Google_1_Edward Goldsmith_9_oval.jpg
1219	5.857143	Google_1_Maggie Schulz_11_oval.jpg
1220	5.500000	Annie_Polk_15_oval.jpg
1221	5.733333	Google_1_Kara Hartford_3_oval.jpg
1222	6.600000	Google_1_Katrina Wooldridge_17_oval.jpg
1223	6.600000	Google_1_Roy Atchley_1_oval.jpg
1224	6.066667	Google_1_Tony Beane_19_oval.jpg
1225	6.066667	Google_1_Amanda Kohl_5_oval.jpg
1226	6.866667	Google_1_Becky Mcardle_7_oval.jpg
1227	6.866667	Google_1_Yvette Slaton_1_oval.jpg
1228	6.600000	Google_1_Kristine Fernandes_1_oval.jpg
1229	5.333333	Google_1_Eric Lashley_6_oval.jpg
1230	7.266667	Google_1_Steven Mayorga_15_oval.jpg
1231	4.066667	Google_1_Rosa Lang_5_oval.jpg
1232	5.266667	Google_1_Valerie Stuckey_11_oval.jpg
1233	6.000000	Google_1_Gregory Blood_7_oval.jpg
1234	6.533333	Google_1_Angie Bruner_1_oval.jpg
1235	7.733333	Google_1_Nora Loeffler_7_oval.jpg
1236	6.466667	Google_1_Sara Claytor_7_oval.jpg
1237	3.333333	Google_1_Joshua Dowdy_3_oval.jpg
1238	5.866667	Google_1_Faye Banner_7_oval.jpg
1239	6.333333	Google_1_Martin Conway_13_oval.jpg
1240	6.733333	Google_1_Jose Bustamante_15_oval.jpg
1241	6.357143	Google_1_Sherry Mcmichael_11_oval.jpg
1242	7.466667	Google_1_Frank Beckner_3_oval.jpg
1243	7.733333	Audrey_Rosenbaum_10_oval.jpg
1244	4.714286	Google_1_Richard Bard_3_oval.jpg
1245	6.600000	Google_1_Martin Dodds_9_oval.jpg
1246	6.600000	Google_1_Joe Claxton_9_oval.jpg
1247	5.933333	Google_1_Joe Francois_5_oval.jpg
1248	7.266667	Google_1_Sabrina Perlman_15_oval.jpg
1249	6.800000	Google_1_Leah Smythe_5_oval.jpg
1250	6.800000	Google_1_Louis Coss_14_oval.jpg
1251	6.133333	Debbie_Dicken_9_oval.jpg
1252	6.200000	Google_1_Scott Westcott_13_oval.jpg
1253	6.333333	Google_1_Shelley Ham_9_oval.jpg
1254	3.000000	Google_1_John Gordan_1_oval.jpg
1255	4.800000	Google_1_Martin Szymanski_1_oval.jpg
1256	7.333333	Google_1_Kathleen Martz_9_oval.jpg
1257	6.933333	Google_1_Crystal Rutland_1_oval.jpg
1258	6.466667	Albert_Neu_11_oval.jpg
1259	6.600000	Google_1_Diana Downing_17_oval.jpg
1260	5.666667	Google_1_Darlene Perrone_13_oval.jpg
1261	5.066667	Bryan_Shanklin_9_oval.jpg
1262	5.866667	Google_1_Leona Mather_5_oval.jpg
1263	6.333333	Google_1_Paula Keeler_1_oval.jpg
1264	7.333333	Google_1_Jeremy Gladden_3_oval.jpg
1265	5.933333	Google_1_Mike Spruill_3_oval.jpg
1266	5.133333	Google_1_Jerry Strong_9_oval.jpg
1267	6.066667	Google_1_Philip Merwin_9_oval.jpg
1268	6.000000	Google_1_Rodney Barnum_19_oval.jpg
1269	6.000000	Google_1_Henry Gumm_19_oval.jpg
1270	6.266667	Google_1_Edward Magana_15_oval.jpg
1271	7.466667	Google_1_Sara Sayre_10_oval.jpg
1272	6.533333	Google_1_Stephen Gutierrez_7_oval.jpg
1273	5.266667	Google_1_Sean Ard_1_oval.jpg
1274	6.333333	Google_1_Samuel Halvorson_7_oval.jpg
1275	6.866667	Google_1_Terry Mudd_5_oval.jpg
1276	7.066667	Google_1_Marvin Hanrahan_1_oval.jpg
1277	4.533333	Google_1_Jack Bakker_7_oval.jpg
1278	6.533333	Jeremy_Bowlin_15_oval.jpg
1279	5.733333	Google_1_Jimmy Freund_9_oval.jpg
1280	6.666667	Google_1_Todd Brent_9_oval.jpg
1281	6.266667	Google_1_Iris Stebbins_7_oval.jpg
1282	5.600000	Google_1_Scott Bevins_1_oval.jpg
1283	7.200000	Google_1_Diane Mcmurray_1_oval.jpg
1284	6.571429	Google_1_Jennie Macedo_17_oval.jpg
1285	5.733333	Google_1_Lawrence House_13_oval.jpg
1286	5.866667	Google_1_Alberta Griswold_5_oval.jpg
1287	7.133333	Google_1_Jack Leslie_7_oval.jpg
1288	5.666667	Google_1_Margaret Sipple_13_oval.jpg
1289	6.733333	Google_1_Viola Sorrell_9_oval.jpg
1290	5.933333	Google_1_Patrick Gifford_19_oval.jpg
1291	6.933333	Google_1_Kenneth Cancel_17_oval.jpg
1292	5.933333	Google_1_Rhonda Backer_15_oval.jpg
1293	5.866667	Google_1_Regina Mckim_5_oval.jpg
1294	5.857143	Google_1_Allen Goulet_5_oval.jpg
1295	7.066667	Google_1_Teresa Elam_13_oval.jpg
1296	7.666667	Google_1_Joshua Matson_7_oval.jpg
1297	7.133333	Google_1_Shelia Bolen_11_oval.jpg
1298	6.266667	Google_1_Edna Barrett_15_oval.jpg
1299	5.266667	Google_1_Sean Holcomb_1_oval.jpg
1300	4.785714	Google_1_Inez Hofer_5_oval.jpg
1301	5.266667	Google_1_Maureen Boatright_19_oval.jpg
1302	6.333333	Google_1_Peter Coon_1_oval.jpg
1303	5.200000	Google_1_Kristen Fabian_7_oval.jpg
1304	5.533333	Google_1_Fred Berube_15_oval.jpg
1305	6.642857	Google_1_Bernice Branton_7_oval.jpg
1306	7.066667	Google_1_Vincent Guest_7_oval.jpg
1307	7.733333	Google_1_Natalie Bugg_9_oval.jpg
1308	7.133333	Google_1_Katherine Santo_7_oval.jpg
1309	7.200000	Google_1_Laura Alderson_9_oval.jpg
1310	4.400000	Google_1_Phillip Stowe_4_oval.jpg
1311	6.000000	Google_1_Louis Sung_1_oval.jpg
1312	6.333333	Google_1_Joseph Boston_5_oval.jpg
1313	5.266667	Google_1_Mark Houlihan_16_oval.jpg
1314	6.357143	Google_1_Beulah Stoops_5_oval.jpg
1315	5.266667	Adrienne_Coen_13_oval.jpg
1316	4.266667	Google_1_Olga Blunt_1_oval (2).jpg
1317	3.133333	Google_1_Donald Normand_5_oval.jpg
1318	4.076923	Google_1_Joshua Harlow_1_oval.jpg
1319	6.466667	Google_1_Anthony Cavender_3_oval.jpg
1320	5.714286	Google_1_Monique Hairston_15_oval.jpg
1321	7.000000	Google_1_Diana Baugh_7_oval.jpg
1322	6.714286	Google_1_Larry Perryman_13_oval.jpg
1323	6.066667	Google_1_Jeffrey Lindley_3_oval.jpg
1324	5.066667	Google_1_Keith Worth_1_oval.jpg
1325	7.000000	Google_1_Robert Mountain_9_oval.jpg
1326	4.800000	Google_1_Russell Gillam_17_oval.jpg
1327	5.133333	Google_1_Benjamin Quintana_19_oval.jpg
1328	5.785714	Google_1_Brian Kellner_3_oval.jpg
1329	5.866667	Google_1_Danielle Holton_9_oval.jpg
1330	4.733333	Google_1_John Stiltner_3_oval.jpg
1331	5.400000	Google_1_Flora Jaques_19_oval.jpg
1332	4.400000	Google_1_Phillip Bisson_3_oval.jpg
1333	6.400000	Google_1_Nellie Cox_15_oval.jpg
1334	6.066667	Google_1_Flora Newsome_15_oval.jpg
1335	6.666667	Andrew_Jaggers_11_oval.jpg
1336	3.866667	Google_1_Joshua Regan_7_oval.jpg
1337	6.133333	Google_1_Rosemary Outlaw_1_oval.jpg
1338	5.400000	Google_1_Joshua Lessard_11_oval.jpg
1339	4.466667	Google_1_Marlene Cuellar_3_oval.jpg
1340	6.000000	Google_1_Gary Nance_3_oval.jpg
1341	4.066667	Google_1_Terry Mount_9_oval.jpg
1342	4.200000	Google_1_Patrick Cosme_3_oval.jpg
1343	5.133333	Google_1_Charles Mccollum_5_oval.jpg
1344	6.733333	Andrew_Presley_11_oval.jpg
1345	2.666667	Google_1_Marvin Benton_1_oval.jpg
1346	7.133333	Google_1_Lisa Byler_15_oval.jpg
1347	5.066667	Brandon_Brownfield_7_oval.jpg
1348	7.200000	Google_1_Rodney Wyant_15_oval.jpg
1349	6.333333	Google_1_Shelly Spiller_1_oval.jpg
1350	4.800000	Google_1_Belinda Penner_7_oval.jpg
1351	6.333333	Google_1_Richard Sandlin_1_oval.jpg
1352	6.600000	Google_1_George Fite_5_oval.jpg
1353	6.733333	Albert_Dobson_9_oval.jpg
1354	5.266667	Google_1_Blanca Jorgensen_17_oval.jpg
1355	5.400000	Anthony_Rimmer_11_oval.jpg
1356	6.800000	Google_1_Larry Blanco_1_oval.jpg
1357	6.733333	Google_1_Jack Falkner_3_oval.jpg
1358	7.333333	Google_1_Ann Bianco_1_oval.jpg
1359	6.733333	Allison_Stubbs_15_oval.jpg
1360	6.933333	Google_1_Carl Cash_18_oval.jpg
1361	3.400000	Google_1_Matthew Ennis_11_oval.jpg
1362	4.666667	Google_1_Jason Cathcart_5_oval.jpg
1363	7.266667	Bruce_Garrido_9_oval.jpg
1364	6.733333	Google_1_George Hornbeck_17_oval.jpg
1365	5.200000	Bessie_Maya_3_oval.jpg
1366	5.800000	Google_1_Vincent Fryer_11_oval.jpg
1367	5.066667	Google_1_Earl Desmond_7_oval.jpg
1368	7.533333	Google_1_Joe Hostetter_17_oval.jpg
1369	6.933333	Google_1_Shawn Gorski_1_oval.jpg
1370	5.800000	Google_1_Jose Soto_1_oval.jpg
1371	6.400000	Betty_Rawlings_13_oval.jpg
1372	6.066667	Antonio_Southern_11_oval.jpg
1373	6.866667	Google_1_Samuel Pugliese_15_oval.jpg
1374	6.866667	Google_1_Ryan Mauney_9_oval.jpg
1375	3.733333	Google_1_Pearl Hankins_9_oval.jpg
1376	6.714286	Google_1_Curtis Kaplan_17_oval.jpg
1377	6.133333	Google_1_Belinda Humes_3_oval.jpg
1378	7.600000	Google_1_Albert Rohr_3_oval.jpg
1379	3.285714	Google_1_Mike Boatwright_1_oval.jpg
1380	2.533333	Google_1_Anita Kaye_5_oval.jpg
1381	6.466667	Google_1_Johnny Arenas_9_oval.jpg
1382	8.000000	Google_1_Caroline Witt_11_oval.jpg
1383	4.266667	Google_1_Krista Jessen_19_oval.jpg
1384	7.133333	Google_1_Jennie Marinelli_1_oval.jpg
1385	5.200000	Google_1_Patty Corwin_1_oval.jpg
1386	5.333333	Google_1_Allen Derr_19_oval.jpg
1387	3.200000	Google_1_Danny Martino_13_oval.jpg
1388	5.733333	Google_1_Mark Leavitt_1_oval.jpg
1389	7.133333	Google_1_Rodney Upton_3_oval.jpg
1390	7.600000	Google_1_Justin Shepard_3_oval.jpg
1391	7.266667	Ana_Gulley_15_oval.jpg
1392	6.666667	Google_1_Timothy Dominguez_5_oval.jpg
1393	5.200000	Google_1_John Kobayashi_1_oval.jpg
1394	7.133333	Google_1_Fred Candelaria_5_oval.jpg
1395	3.733333	Google_1_Ernest Crump_3_oval.jpg
1396	5.800000	Google_1_Manuel Hochstetler_19_oval.jpg
1397	7.266667	Google_1_Bryan Driskell_15_oval.jpg
1398	6.866667	Google_1_Verna Damato_1_oval.jpg
1399	6.800000	Google_1_Fred Cornish_17_oval.jpg
1400	5.733333	Google_1_Virginia Hurtado_10_oval.jpg
1401	5.933333	Google_1_Chad Dunleavy_15_oval.jpg
1402	6.071429	Google_1_Pauline Hofer_5_oval.jpg
1403	4.933333	Google_1_Ryan Concepcion_7_oval.jpg
1404	6.666667	Google_1_Doris Poston_1_oval.jpg
1405	6.866667	Google_1_Mark Shilling_7_oval.jpg
1406	6.466667	Google_1_Mark Huston_17_oval.jpg
1407	6.071429	Google_1_Jeannette Vallejo_9_oval.jpg
1408	6.000000	Google_1_Kenneth Maggard_5_oval.jpg
1409	5.533333	Google_1_Michael Turcotte_13_oval.jpg
1410	5.733333	Google_1_Lynne Gaddis_11_oval.jpg
1411	7.466667	Google_1_Thomas Mccormick_19_oval.jpg
1412	7.466667	Google_1_Philip Patton_1_oval.jpg
1413	5.800000	Google_1_Ryan Bogart_11_oval.jpg
1414	6.133333	Google_1_Marguerite Sandler_19_oval.jpg
1415	5.533333	Google_1_Tiffany Arango_13_oval.jpg
1416	4.266667	Google_1_Doris Acord_7_oval.jpg
1417	6.400000	Google_1_Curtis Heald_13_oval.jpg
1418	6.133333	Google_1_Kara Mickelson_13_oval.jpg
1419	3.600000	Google_1_Willie Weems_15_oval.jpg
1420	4.733333	Google_1_Ana Dube_11_oval.jpg
1421	6.533333	Google_1_Paula Faber_15_oval.jpg
1422	3.800000	Google_1_Bobby Troutman_9_oval.jpg
1423	6.666667	Google_1_Louis Somerville_9_oval.jpg
1424	5.466667	Eugene_Gonsalves_15_oval.jpg
1425	6.400000	Google_1_Timothy Shutt_19_oval.jpg
1426	6.466667	Google_1_Alicia Pankey_3_oval.jpg
1427	3.466667	Kelli_Hetrick_11_oval.jpg
1428	5.866667	Gwendolyn_Hook_19_oval.jpg
1429	4.466667	Google_1_Douglas Zelaya_17_oval.jpg
1430	5.800000	Google_1_Carla Mcnally_13_oval.jpg
1431	6.666667	Google_1_Sonia Hammons_7_oval.jpg
1432	4.533333	Google_1_Kevin Barth_1_oval.jpg
1433	6.066667	Google_1_Heather Creighton_7_oval.jpg
1434	6.466667	Google_1_Diana Rees_11_oval.jpg
1435	5.600000	Google_1_Gary Chadwick_7_oval.jpg
1436	2.928571	Google_1_Johnny Block_1_oval.jpg
1437	7.333333	Google_1_Roy Krueger_11_oval.jpg
1438	6.333333	Google_1_Sabrina Neill_19_oval.jpg
1439	4.266667	Google_1_Diane Boatwright_5_oval.jpg
1440	3.000000	Google_1_Samuel Albertson_1_oval.jpg
1441	4.133333	Google_1_Jerry Lancaster_15_oval.jpg
1442	6.400000	Google_1_Michael Bedell_19_oval.jpg
1443	7.785714	Google_1_Dolores Duckett_9-oval.jpg
1444	6.866667	Google_1_Jacob Camp_15_oval.jpg
1445	3.933333	Gary_Dale_6_oval.jpg
1446	7.133333	Google_1_Douglas Tanguay_9_oval.jpg
1447	6.866667	Allison_Hargrave_13_oval.jpg
1448	6.142857	Google_1_Walter Hershey_15_oval.jpg
1449	6.333333	Google_1_Kristine Cowden_13_oval.jpg
1450	6.000000	Google_1_Mike Gass_3_oval.jpg
1451	6.533333	Google_1_Keith Parks_9_oval.jpg
1452	6.666667	Google_1_Randy Towne_1_oval.jpg
1453	5.933333	Google_1_Mark Tucci_19_oval.jpg
1454	6.466667	Google_1_Christopher Laskowski_7_oval.jpg
1455	3.400000	Google_1_Elizabeth Roach_3_oval.jpg
1456	4.666667	Google_1_William Behrens_17_oval.jpg
1457	6.066667	Google_1_Susan Emery_15_oval.jpg
1458	6.266667	Google_1_Mike Holton_15_oval.jpg
1459	5.466667	Google_1_Anthony Riddell_7_oval.jpg
1460	6.133333	Google_1_Allen Diego_3_oval.jpg
1461	6.533333	Google_1_Gerald Dill_5_oval.jpg
1462	6.600000	Bobby_Malinowski_3_oval.jpg
1463	6.333333	Google_1_Donald Lacasse_11_oval.jpg
1464	5.933333	Google_1_Carrie Segovia_15_oval.jpg
1465	5.466667	Google_1_Rosemary Greenway_17_oval.jpg
1466	4.066667	Google_1_Billy Lheureux_3_oval.jpg
1467	6.133333	Google_1_Jacqueline Manning_3_oval.jpg
1468	3.733333	Google_1_Jerry Deboer_5_oval.jpg
1469	6.000000	Google_1_Nora Stephenson_7_oval.jpg
1470	7.066667	Google_1_Rachel Hollingshead_5_oval.jpg
1471	7.000000	Google_1_Michele Friedman_3_oval (2).jpg
1472	4.000000	Google_1_Vivian Moten_5_oval.jpg
1473	6.066667	Google_1_Chris Rahman_11_oval.jpg
1474	7.000000	Google_1_Curtis Durand_1_oval.jpg
1475	6.066667	Google_1_Patrick Mast_7_oval.jpg
1476	5.733333	Alan_Gamerson_7_oval.jpg
1477	6.666667	Andrew_Cuevas_3_oval.jpg
1478	7.266667	Google_1_William Wallace_15_oval.jpg
1479	6.933333	Google_1_Luis Herbst_19_oval.jpg
1480	6.600000	Google_1_Roy Hazzard_19_oval.jpg
1481	6.933333	Google_1_Viola Sorrell_5_oval.jpg
1482	6.133333	Google_1_Renee Swartz_19_oval.jpg
1483	5.733333	Google_1_Deanna Collin_5_oval.jpg
1484	3.866667	Google_1_Ryan Starkey_3_oval.jpg
1485	3.333333	Google_1_Samuel Dement_5_oval.jpg
1486	4.200000	Google_1_Sarah Stricklin_13_oval.jpg
1487	3.400000	Google_1_Ralph Canty_3_oval.jpg
1488	5.933333	Google_1_Harry Lusk_9_oval.jpg
1489	4.866667	Google_1_Ryan Spinelli_5_oval.jpg
1490	6.733333	Google_1_Tara Hildebrandt_7_oval.jpg
1491	6.600000	Google_1_Melissa Vanburen_7_oval.jpg
1492	6.600000	Google_1_Raymond Haggerty_15_oval.jpg
1493	6.733333	Google_1_Melissa Cushing_5_oval.jpg
1494	6.533333	Google_1_Bryan Ewing_11_oval.jpg
1495	6.200000	Google_1_Clarence Music_19_oval.jpg
1496	4.733333	Google_1_Douglas Casanova_11_oval.jpg
1497	6.133333	Google_1_Brandon Novotny_3_oval.jpg
1498	6.133333	Google_1_Beth Hollister_3_oval.jpg
1499	6.133333	Google_1_Wayne Rasmussen_3_oval.jpg
1500	6.333333	Google_1_Nellie Voss_13_oval.jpg
1501	3.933333	Google_1_Ronald Atencio_9_oval.jpg
1502	6.533333	Google_1_Tammy Jacobs_12_oval.jpg
1503	4.866667	Google_1_Nicholas Madson_5_oval.jpg
1504	6.466667	Google_1_Lillian Bouldin_7_oval.jpg
1505	4.666667	Google_1_Robyn Weatherly_1_oval.jpg
1506	6.142857	Google_1_Adam Griswold_9_oval.jpg
1507	6.133333	Google_1_Jacquelyn Risinger_1_oval.jpg
1508	5.400000	Google_1_Christina Matlock_15_oval.jpg
1509	4.200000	Google_1_Stanley Horning_19_oval.jpg
1510	6.600000	Google_1_Mike Hildebrand_9_oval.jpg
1511	5.200000	Google_1_Maggie Doolittle_1_oval.jpg
1512	5.600000	Google_1_Douglas Wampler_13_oval.jpg
1513	5.714286	Google_1_Flora Petro_5_oval.jpg
1514	5.500000	Google_1_Geneva Hemphill_11_oval.jpg
1515	6.800000	Google_1_Maggie Weed_13_oval.jpg
1516	7.857143	Google_1_Leonard Sell_17_oval.jpg
1517	6.857143	Google_1_Chad Ogrady_17_oval.jpg
1518	4.357143	Google_1_Roberta Pelayo_5_oval.jpg
1519	6.200000	Google_1_Diane Boatwright_1_oval.jpg
1520	7.571429	Google_1_Manuel Quade_1_oval.jpg
1521	6.866667	Albert_Carbaugh_3_oval.jpg
1522	4.866667	Google_1_Ralph Fusco_7_oval.jpg
1523	3.800000	Google_1_Thomas Easton_5_oval.jpg
1524	5.866667	Google_1_Howard Sartin_1_oval.jpg
1525	7.133333	Google_1_Peter Schulman_11_oval.jpg
1526	6.066667	Google_1_Rhonda Pruitt_4_oval.jpg
1527	5.000000	Google_1_Yvette Hardwick_14_oval.jpg
1528	7.333333	Google_1_Maggie Hess_15_oval.jpg
1529	5.466667	Google_1_Rodney Wyant_13_oval.jpg
1530	5.866667	Jonathan_DArden_13_oval.jpg
1531	6.066667	Google_1_Vera Becker_7_oval.jpg
1532	6.933333	Google_1_Gina Gruber_1_oval.jpg
1533	7.071429	Google_1_Steven Wilburn_17_oval.jpg
1534	6.600000	Google_1_Louise Judy_17_oval.jpg
1535	2.933333	Google_1_Randy Crabtree_1_oval.jpg
1536	5.600000	Alma_Gober_3_oval.jpg
1537	6.600000	Google_1_Latoya Bulter_7_oval.jpg
1538	3.733333	Google_1_Nathan Kiger_7_oval (2).jpg
1539	5.733333	Google_1_Justin Woodard_15_oval.jpg
1540	6.600000	Google_1_Kevin Northrup_9_oval.jpg
1541	5.133333	Google_1_Roger Baskin_9_oval.jpg
1542	4.866667	Google_1_Stanley Guzman_1_oval.jpg
1543	5.933333	Google_1_Robert Koonce_17_oval.jpg
1544	3.600000	Google_1_Mark Ulibarri_9_oval.jpg
1545	5.000000	Google_1_Nora Begay_5_oval.jpg
1546	3.800000	Google_1_Carrie Ingalls_17_oval.jpg
1547	4.933333	Google_1_Victoria Ambrose_17_oval.jpg
1548	5.000000	Google_1_Michael Harness_5_oval.jpg
1549	5.000000	Google_1_Tanya Boudreau_10_oval.jpg
1550	5.666667	Google_1_Ellen Singer_1_oval (2).jpg
1551	5.333333	Google_1_Nicholas Arenas_2_oval.jpg
1552	6.266667	Google_1_Cheryl Griffin_15_oval.jpg
1553	6.733333	Google_1_Willie Garrity_7_oval.jpg
1554	6.733333	Google_1_Lawrence Edwards_15_oval.jpg
